#
# A fatal error has been detected by the Java Runtime Environment:
#
#  SIGSEGV (0xb) at pc=0x0000000109d4c160, pid=2267, tid=775
#
# JRE version: OpenJDK Runtime Environment (13.0.2+8) (build 13.0.2+8)
# Java VM: OpenJDK 64-Bit Server VM (13.0.2+8, mixed mode, sharing, tiered, compressed oops, g1 gc, bsd-amd64)
# Problematic frame:
# C  [libglfw.dylib+0xe160]
[error occurred during error reporting (printing problematic frame), id 0xe0000000, Internal Error (/scratch/mesos/slaves/d65fa3d4-10de-46aa-a2db-52cc9981537a-S449/frameworks/1735e8a2-a1db-478c-8104-60c8b0af87dd-0196/executors/d2fd4915-76cb-472a-bcc3-d30392110171/runs/eaf270a8-7ed0-4901-959a-2726e3ec2722/workspace/open/src/hotspot/os/bsd/decoder_machO.hpp:43)]

# No core dump will be written. Core dumps have been disabled. To enable core dumping, try "ulimit -c unlimited" before starting Java again
#
# If you would like to submit a bug report, please visit:
#   http://bugreport.java.com/bugreport/crash.jsp
# The crash happened outside the Java Virtual Machine in native code.
# See problematic frame for where to report the bug.
#

---------------  S U M M A R Y ------------

Command Line: -javaagent:/Applications/IntelliJ IDEA CE.app/Contents/lib/idea_rt.jar=50153:/Applications/IntelliJ IDEA CE.app/Contents/bin -Dfile.encoding=UTF-8 client.clientLauncher

Host: MacBookPro13,1 x86_64 2000 MHz, 4 cores, 8G, Darwin 19.6.0
Time: Tue Dec  1 18:12:50 2020 GMT elapsed time: 0 seconds (0d 0h 0m 0s)

---------------  T H R E A D  ---------------

Current thread (0x00007fc81280b000):  JavaThread "main" [_thread_in_native, id=775, stack(0x00007ffee5dff000,0x00007ffee65ff000)]

Stack: [0x00007ffee5dff000,0x00007ffee65ff000],  sp=0x00007ffee65fa0a0,  free space=8172k
Native frames: (J=compiled Java code, A=aot compiled Java code, j=interpreted, Vv=VM code, C=native code)
C  [libglfw.dylib+0xe160]
[error occurred during error reporting (printing native stack), id 0xe0000000, Internal Error (/scratch/mesos/slaves/d65fa3d4-10de-46aa-a2db-52cc9981537a-S449/frameworks/1735e8a2-a1db-478c-8104-60c8b0af87dd-0196/executors/d2fd4915-76cb-472a-bcc3-d30392110171/runs/eaf270a8-7ed0-4901-959a-2726e3ec2722/workspace/open/src/hotspot/os/bsd/decoder_machO.hpp:43)]

Java frames: (J=compiled Java code, j=interpreted, Vv=VM code)
j  org.lwjgl.system.JNI.invokePPPP(IIJJJJ)J+0
j  org.lwjgl.glfw.GLFW.nglfwCreateWindow(IIJJJ)J+14
j  org.lwjgl.glfw.GLFW.glfwCreateWindow(IILjava/lang/CharSequence;JJ)J+37
j  client.clientLauncher.main([Ljava/lang/String;)V+32
v  ~StubRoutines::call_stub

siginfo: si_signo: 11 (SIGSEGV), si_code: 1 (SEGV_MAPERR), si_addr: 0x0000000000000089

Register to memory mapping:

RAX=0x00007fc81280c058 points into unknown readable memory: 00 00 00 00 00 00 00 00
RBX=0x0000000000000001 is an unknown value
RCX=0x00007fc81280c060 points into unknown readable memory: a3 a3 a3 a3 a3 a3 a3 a3
RDX=0x00007fc81166aac0 points into unknown readable memory: 00 00 00 00 00 00 00 00
RSP=0x00007ffee65fa0a0 is pointing into the stack for thread: 0x00007fc81280b000
RBP=0x00007ffee65fa0e0 is pointing into the stack for thread: 0x00007fc81280b000
RSI=0x00007fc81280c000 points into unknown readable memory: a1 a1 a1 a1 41 55 54 4f
RDI=0x0000000000000001 is an unknown value
R8 =0x0000000000003c7c is an unknown value
R9 =0x0000000000005ee3 is an unknown value
R10=0x00007fff99d0c118: OBJC_CLASS_$_NSObject+0 in /usr/lib/libobjc.A.dylib at 0x00007fff72553000
R11=0x00007fff7255cf2d: -[NSObject init]+0 in /usr/lib/libobjc.A.dylib at 0x00007fff72553000
R12=0x00007ffee65fa240 is pointing into the stack for thread: 0x00007fc81280b000
R13=0x00007fc81280c050 points into unknown readable memory: 00 00 00 00 00 00 00 00
R14=0x0000000109d775f8: <offset 0x395f8> in /private/var/folders/8s/t1xm3cl513v5z4bvz4qsk4vc0000gn/T/lwjglalexlougheed/3.2.3-build-13/libglfw.dylib at 0x0000000109d3e000
R15=0x00007ffee65fa150 is pointing into the stack for thread: 0x00007fc81280b000


Registers:
RAX=0x00007fc81280c058, RBX=0x0000000000000001, RCX=0x00007fc81280c060, RDX=0x00007fc81166aac0
RSP=0x00007ffee65fa0a0, RBP=0x00007ffee65fa0e0, RSI=0x00007fc81280c000, RDI=0x0000000000000001
R8 =0x0000000000003c7c, R9 =0x0000000000005ee3, R10=0x00007fff99d0c118, R11=0x00007fff7255cf2d
R12=0x00007ffee65fa240, R13=0x00007fc81280c050, R14=0x0000000109d775f8, R15=0x00007ffee65fa150
RIP=0x0000000109d4c160, EFLAGS=0x0000000000010283, ERR=0x0000000000000004
  TRAPNO=0x000000000000000e

Top of Stack: (sp=0x00007ffee65fa0a0)
0x00007ffee65fa0a0:   00007ffee65fa0e0 00007fc81280c058
0x00007ffee65fa0b0:   0000000000000cde 00007fff72559800
0x00007ffee65fa0c0:   00007ffee65fa240 00007fc81280c050
0x00007ffee65fa0d0:   0000000109d775f8 00007fc81166aac0
0x00007ffee65fa0e0:   00007ffee65fa1a0 0000000109d4ead4
0x00007ffee65fa0f0:   0000000200000001 00007fc8141c8ff1
0x00007ffee65fa100:   00000000000003a8 0000000000000000
0x00007ffee65fa110:   0000000000000001 00007ffee65fa200
0x00007ffee65fa120:   00007ffee65fa150 00007fff738c60c6
0x00007ffee65fa130:   00007fc8141c8ff1 00007fff99e67000
0x00007ffee65fa140:   00000000000003a8 0000000000000001
0x00007ffee65fa150:   00007ffee65fa180 00007fff738c6f59
0x00007ffee65fa160:   00007fc8141c8ff1 0000000000000280
0x00007ffee65fa170:   00007ffee65fa1b8 00007fc81166aac0
0x00007ffee65fa180:   0000000000000280 0000000000000000
0x00007ffee65fa190:   0000000000000280 0000000109d775f8
0x00007ffee65fa1a0:   00007ffee65fa5b0 0000000109d48416
0x00007ffee65fa1b0:   0000000000000000 0000000800000008
0x00007ffee65fa1c0:   0000000800000008 0000000800000018
0x00007ffee65fa1d0:   0000000000000000 0000000000000000
0x00007ffee65fa1e0:   0000000000000000 0000000000000000
0x00007ffee65fa1f0:   0000000000000001 0000000000000000
0x00007ffee65fa200:   0003600100030001 0000000000000001
0x00007ffee65fa210:   0000000000000000 0000000000000000
0x00007ffee65fa220:   0000000000000000 0000000000000000
0x00007ffee65fa230:   0000000000000000 0000000000000001
0x00007ffee65fa240:   0000028000000280 00007fc8141c8ff1
0x00007ffee65fa250:   0000000000000001 0000000100000001
0x00007ffee65fa260:   0000000000000001 0000000100000000
0x00007ffee65fa270:   0000000000000001 0000000000000001
0x00007ffee65fa280:   0000000000000000 0000000000000000
0x00007ffee65fa290:   0000000000000000 0000000000000000 

Instructions: (pc=0x0000000109d4c160)
0x0000000109d4c060:   0f 84 b9 00 00 00 49 83 be 90 00 00 00 00 75 13
0x0000000109d4c070:   41 8b be 88 00 00 00 e8 5c 7e 00 00 49 89 86 90
0x0000000109d4c080:   00 00 00 c7 45 c0 00 00 00 00 f3 0f 10 05 62 5a
0x0000000109d4c090:   02 00 48 8d 7d c0 e8 25 7e 00 00 85 c0 75 2a 8b
0x0000000109d4c0a0:   7d c0 f3 0f 10 05 4e 5a 02 00 f3 0f 10 15 b2 59
0x0000000109d4c0b0:   02 00 66 0f 57 c9 0f 57 db 0f 57 e4 0f 57 ed be
0x0000000109d4c0c0:   01 00 00 00 e8 15 7e 00 00 8b 5d c0 41 8b be 88
0x0000000109d4c0d0:   00 00 00 31 d2 4c 89 fe e8 43 7e 00 00 85 db 74
0x0000000109d4c0e0:   3e f3 0f 10 05 87 59 02 00 f3 0f 10 0d 73 59 02
0x0000000109d4c0f0:   00 0f 57 d2 0f 57 db 0f 57 e4 0f 57 ed 31 f6 89
0x0000000109d4c100:   df e8 d8 7d 00 00 89 df e8 43 7e 00 00 eb 10 4d
0x0000000109d4c110:   89 f7 4c 8b 75 b8 4d 85 ff 0f 85 47 ff ff ff 4c
0x0000000109d4c120:   89 ef e8 57 7d 00 00 48 8b 7d b0 e8 4a 7e 00 00
0x0000000109d4c130:   48 83 c4 48 5b 41 5c 41 5d 41 5e 41 5f 5d c3 90
0x0000000109d4c140:   55 48 89 e5 41 57 41 56 41 55 41 54 53 48 83 ec
0x0000000109d4c150:   18 49 89 f7 48 89 fb e8 38 7f 00 00 48 89 45 c8
0x0000000109d4c160:   8b bb 88 00 00 00 48 8d 75 d0 e8 f9 7d 00 00 8b
0x0000000109d4c170:   bb 88 00 00 00 e8 5e 7d 00 00 48 89 c3 4c 8b 75
0x0000000109d4c180:   d0 48 89 df e8 79 7d 00 00 49 89 c4 48 89 df e8
0x0000000109d4c190:   5c 7d 00 00 49 89 c5 48 89 df e8 5d 7d 00 00 e8
0x0000000109d4c1a0:   4a 7f 00 00 f2 0f 2c c8 85 c9 75 22 4c 89 f7 e8
0x0000000109d4c1b0:   ba 7d 00 00 31 c9 48 0f ba e2 20 72 11 f2 0f 2a
0x0000000109d4c1c0:   c2 f2 48 0f 2a c8 f2 0f 5e c1 f2 0f 2c c8 45 89
0x0000000109d4c1d0:   27 45 89 6f 04 48 b8 08 00 00 00 08 00 00 00 49
0x0000000109d4c1e0:   89 47 08 41 c7 47 10 08 00 00 00 41 89 4f 14 48
0x0000000109d4c1f0:   89 df e8 11 7d 00 00 48 8b 7d d0 e8 7a 7d 00 00
0x0000000109d4c200:   48 8b 7d c8 e8 85 7e 00 00 48 83 c4 18 5b 41 5c
0x0000000109d4c210:   41 5d 41 5e 41 5f 5d c3 0f 1f 84 00 00 00 00 00
0x0000000109d4c220:   55 48 89 e5 41 56 53 48 83 ec 10 48 89 fb 48 83
0x0000000109d4c230:   bb 90 00 00 00 00 0f 84 a7 00 00 00 c7 45 ec 00
0x0000000109d4c240:   00 00 00 f3 0f 10 05 a9 58 02 00 48 8d 7d ec e8
0x0000000109d4c250:   6c 7c 00 00 85 c0 75 29 8b 7d ec f3 0f 10 05 95 


Stack slot to memory mapping:
stack at sp + 0 slots: 0x00007ffee65fa0e0 is pointing into the stack for thread: 0x00007fc81280b000
stack at sp + 1 slots: 0x00007fc81280c058 points into unknown readable memory: 00 00 00 00 00 00 00 00
stack at sp + 2 slots: 0x0000000000000cde is an unknown value
stack at sp + 3 slots: 0x00007fff72559800: objc_msgSend+0 in /usr/lib/libobjc.A.dylib at 0x00007fff72553000
stack at sp + 4 slots: 0x00007ffee65fa240 is pointing into the stack for thread: 0x00007fc81280b000
stack at sp + 5 slots: 0x00007fc81280c050 points into unknown readable memory: 00 00 00 00 00 00 00 00
stack at sp + 6 slots: 0x0000000109d775f8: <offset 0x395f8> in /private/var/folders/8s/t1xm3cl513v5z4bvz4qsk4vc0000gn/T/lwjglalexlougheed/3.2.3-build-13/libglfw.dylib at 0x0000000109d3e000
stack at sp + 7 slots: 0x00007fc81166aac0 points into unknown readable memory: 00 00 00 00 00 00 00 00


---------------  P R O C E S S  ---------------

Threads class SMR info:
_java_thread_list=0x00007fc811557240, length=10, elements={
0x00007fc81280b000, 0x00007fc81181b000, 0x00007fc81181b800, 0x00007fc811820000,
0x00007fc811821000, 0x00007fc811822000, 0x00007fc81181c800, 0x00007fc813030800,
0x00007fc81284a800, 0x00007fc81284b800
}

Java Threads: ( => current thread )
=>0x00007fc81280b000 JavaThread "main" [_thread_in_native, id=775, stack(0x00007ffee5dff000,0x00007ffee65ff000)]
  0x00007fc81181b000 JavaThread "Reference Handler" daemon [_thread_blocked, id=14083, stack(0x0000700009817000,0x0000700009917000)]
  0x00007fc81181b800 JavaThread "Finalizer" daemon [_thread_blocked, id=14339, stack(0x000070000991a000,0x0000700009a1a000)]
  0x00007fc811820000 JavaThread "Signal Dispatcher" daemon [_thread_blocked, id=15619, stack(0x0000700009b23000,0x0000700009c23000)]
  0x00007fc811821000 JavaThread "C2 CompilerThread0" daemon [_thread_blocked, id=43267, stack(0x0000700009c26000,0x0000700009d26000)]
  0x00007fc811822000 JavaThread "C1 CompilerThread0" daemon [_thread_blocked, id=42755, stack(0x0000700009d29000,0x0000700009e29000)]
  0x00007fc81181c800 JavaThread "Sweeper thread" daemon [_thread_blocked, id=42499, stack(0x0000700009e2c000,0x0000700009f2c000)]
  0x00007fc813030800 JavaThread "Common-Cleaner" daemon [_thread_blocked, id=41987, stack(0x0000700009f2f000,0x000070000a02f000)]
  0x00007fc81284a800 JavaThread "Monitor Ctrl-Break" daemon [_thread_in_native, id=41475, stack(0x000070000a032000,0x000070000a132000)]
  0x00007fc81284b800 JavaThread "Service Thread" daemon [_thread_blocked, id=40707, stack(0x000070000a135000,0x000070000a235000)]

Other Threads:
  0x00007fc812063800 VMThread "VM Thread" [stack: 0x0000700009714000,0x0000700009814000] [id=13315]
  0x00007fc813031800 WatcherThread [stack: 0x000070000a238000,0x000070000a338000] [id=40195]
  0x00007fc812837800 GCTaskThread "GC Thread#0" [stack: 0x0000700009205000,0x0000700009305000] [id=11523]
  0x00007fc811808800 ConcurrentGCThread "G1 Main Marker" [stack: 0x0000700009308000,0x0000700009408000] [id=21251]
  0x00007fc81181a000 ConcurrentGCThread "G1 Conc#0" [stack: 0x000070000940b000,0x000070000950b000] [id=12291]
  0x00007fc812062800 ConcurrentGCThread "G1 Refine#0" [stack: 0x000070000950e000,0x000070000960e000] [id=20227]
  0x00007fc812838000 ConcurrentGCThread "G1 Young RemSet Sampling" [stack: 0x0000700009611000,0x0000700009711000] [id=19971]

Threads with active compile tasks:

VM state:not at safepoint (normal execution)

VM Mutex/Monitor currently owned by a thread: None

Heap address: 0x0000000780000000, size: 2048 MB, Compressed Oops mode: Zero based, Oop shift amount: 3
Narrow klass base: 0x0000000800000000, Narrow klass shift: 3
Compressed class space size: 1073741824 Address: 0x0000000800ade000

Heap:
 garbage-first heap   total 133120K, used 8948K [0x0000000780000000, 0x0000000800000000)
  region size 1024K, 9 young (9216K), 0 survivors (0K)
 Metaspace       used 2692K, capacity 5520K, committed 5632K, reserved 1056768K
  class space    used 221K, capacity 481K, committed 512K, reserved 1048576K
Heap Regions: E=young(eden), S=young(survivor), O=old, HS=humongous(starts), HC=humongous(continues), CS=collection set, F=free, A=archive, TAMS=top-at-mark-start (previous, next)
|   0|0x0000000780000000, 0x0000000780000000, 0x0000000780100000|  0%| F|  |TAMS 0x0000000780000000, 0x0000000780000000| Untracked 
|   1|0x0000000780100000, 0x0000000780100000, 0x0000000780200000|  0%| F|  |TAMS 0x0000000780100000, 0x0000000780100000| Untracked 
|   2|0x0000000780200000, 0x0000000780200000, 0x0000000780300000|  0%| F|  |TAMS 0x0000000780200000, 0x0000000780200000| Untracked 
|   3|0x0000000780300000, 0x0000000780300000, 0x0000000780400000|  0%| F|  |TAMS 0x0000000780300000, 0x0000000780300000| Untracked 
|   4|0x0000000780400000, 0x0000000780400000, 0x0000000780500000|  0%| F|  |TAMS 0x0000000780400000, 0x0000000780400000| Untracked 
|   5|0x0000000780500000, 0x0000000780500000, 0x0000000780600000|  0%| F|  |TAMS 0x0000000780500000, 0x0000000780500000| Untracked 
|   6|0x0000000780600000, 0x0000000780600000, 0x0000000780700000|  0%| F|  |TAMS 0x0000000780600000, 0x0000000780600000| Untracked 
|   7|0x0000000780700000, 0x0000000780700000, 0x0000000780800000|  0%| F|  |TAMS 0x0000000780700000, 0x0000000780700000| Untracked 
|   8|0x0000000780800000, 0x0000000780800000, 0x0000000780900000|  0%| F|  |TAMS 0x0000000780800000, 0x0000000780800000| Untracked 
|   9|0x0000000780900000, 0x0000000780900000, 0x0000000780a00000|  0%| F|  |TAMS 0x0000000780900000, 0x0000000780900000| Untracked 
|  10|0x0000000780a00000, 0x0000000780a00000, 0x0000000780b00000|  0%| F|  |TAMS 0x0000000780a00000, 0x0000000780a00000| Untracked 
|  11|0x0000000780b00000, 0x0000000780b00000, 0x0000000780c00000|  0%| F|  |TAMS 0x0000000780b00000, 0x0000000780b00000| Untracked 
|  12|0x0000000780c00000, 0x0000000780c00000, 0x0000000780d00000|  0%| F|  |TAMS 0x0000000780c00000, 0x0000000780c00000| Untracked 
|  13|0x0000000780d00000, 0x0000000780d00000, 0x0000000780e00000|  0%| F|  |TAMS 0x0000000780d00000, 0x0000000780d00000| Untracked 
|  14|0x0000000780e00000, 0x0000000780e00000, 0x0000000780f00000|  0%| F|  |TAMS 0x0000000780e00000, 0x0000000780e00000| Untracked 
|  15|0x0000000780f00000, 0x0000000780f00000, 0x0000000781000000|  0%| F|  |TAMS 0x0000000780f00000, 0x0000000780f00000| Untracked 
|  16|0x0000000781000000, 0x0000000781000000, 0x0000000781100000|  0%| F|  |TAMS 0x0000000781000000, 0x0000000781000000| Untracked 
|  17|0x0000000781100000, 0x0000000781100000, 0x0000000781200000|  0%| F|  |TAMS 0x0000000781100000, 0x0000000781100000| Untracked 
|  18|0x0000000781200000, 0x0000000781200000, 0x0000000781300000|  0%| F|  |TAMS 0x0000000781200000, 0x0000000781200000| Untracked 
|  19|0x0000000781300000, 0x0000000781300000, 0x0000000781400000|  0%| F|  |TAMS 0x0000000781300000, 0x0000000781300000| Untracked 
|  20|0x0000000781400000, 0x0000000781400000, 0x0000000781500000|  0%| F|  |TAMS 0x0000000781400000, 0x0000000781400000| Untracked 
|  21|0x0000000781500000, 0x0000000781500000, 0x0000000781600000|  0%| F|  |TAMS 0x0000000781500000, 0x0000000781500000| Untracked 
|  22|0x0000000781600000, 0x0000000781600000, 0x0000000781700000|  0%| F|  |TAMS 0x0000000781600000, 0x0000000781600000| Untracked 
|  23|0x0000000781700000, 0x0000000781700000, 0x0000000781800000|  0%| F|  |TAMS 0x0000000781700000, 0x0000000781700000| Untracked 
|  24|0x0000000781800000, 0x0000000781800000, 0x0000000781900000|  0%| F|  |TAMS 0x0000000781800000, 0x0000000781800000| Untracked 
|  25|0x0000000781900000, 0x0000000781900000, 0x0000000781a00000|  0%| F|  |TAMS 0x0000000781900000, 0x0000000781900000| Untracked 
|  26|0x0000000781a00000, 0x0000000781a00000, 0x0000000781b00000|  0%| F|  |TAMS 0x0000000781a00000, 0x0000000781a00000| Untracked 
|  27|0x0000000781b00000, 0x0000000781b00000, 0x0000000781c00000|  0%| F|  |TAMS 0x0000000781b00000, 0x0000000781b00000| Untracked 
|  28|0x0000000781c00000, 0x0000000781c00000, 0x0000000781d00000|  0%| F|  |TAMS 0x0000000781c00000, 0x0000000781c00000| Untracked 
|  29|0x0000000781d00000, 0x0000000781d00000, 0x0000000781e00000|  0%| F|  |TAMS 0x0000000781d00000, 0x0000000781d00000| Untracked 
|  30|0x0000000781e00000, 0x0000000781e00000, 0x0000000781f00000|  0%| F|  |TAMS 0x0000000781e00000, 0x0000000781e00000| Untracked 
|  31|0x0000000781f00000, 0x0000000781f00000, 0x0000000782000000|  0%| F|  |TAMS 0x0000000781f00000, 0x0000000781f00000| Untracked 
|  32|0x0000000782000000, 0x0000000782000000, 0x0000000782100000|  0%| F|  |TAMS 0x0000000782000000, 0x0000000782000000| Untracked 
|  33|0x0000000782100000, 0x0000000782100000, 0x0000000782200000|  0%| F|  |TAMS 0x0000000782100000, 0x0000000782100000| Untracked 
|  34|0x0000000782200000, 0x0000000782200000, 0x0000000782300000|  0%| F|  |TAMS 0x0000000782200000, 0x0000000782200000| Untracked 
|  35|0x0000000782300000, 0x0000000782300000, 0x0000000782400000|  0%| F|  |TAMS 0x0000000782300000, 0x0000000782300000| Untracked 
|  36|0x0000000782400000, 0x0000000782400000, 0x0000000782500000|  0%| F|  |TAMS 0x0000000782400000, 0x0000000782400000| Untracked 
|  37|0x0000000782500000, 0x0000000782500000, 0x0000000782600000|  0%| F|  |TAMS 0x0000000782500000, 0x0000000782500000| Untracked 
|  38|0x0000000782600000, 0x0000000782600000, 0x0000000782700000|  0%| F|  |TAMS 0x0000000782600000, 0x0000000782600000| Untracked 
|  39|0x0000000782700000, 0x0000000782700000, 0x0000000782800000|  0%| F|  |TAMS 0x0000000782700000, 0x0000000782700000| Untracked 
|  40|0x0000000782800000, 0x0000000782800000, 0x0000000782900000|  0%| F|  |TAMS 0x0000000782800000, 0x0000000782800000| Untracked 
|  41|0x0000000782900000, 0x0000000782900000, 0x0000000782a00000|  0%| F|  |TAMS 0x0000000782900000, 0x0000000782900000| Untracked 
|  42|0x0000000782a00000, 0x0000000782a00000, 0x0000000782b00000|  0%| F|  |TAMS 0x0000000782a00000, 0x0000000782a00000| Untracked 
|  43|0x0000000782b00000, 0x0000000782b00000, 0x0000000782c00000|  0%| F|  |TAMS 0x0000000782b00000, 0x0000000782b00000| Untracked 
|  44|0x0000000782c00000, 0x0000000782c00000, 0x0000000782d00000|  0%| F|  |TAMS 0x0000000782c00000, 0x0000000782c00000| Untracked 
|  45|0x0000000782d00000, 0x0000000782d00000, 0x0000000782e00000|  0%| F|  |TAMS 0x0000000782d00000, 0x0000000782d00000| Untracked 
|  46|0x0000000782e00000, 0x0000000782e00000, 0x0000000782f00000|  0%| F|  |TAMS 0x0000000782e00000, 0x0000000782e00000| Untracked 
|  47|0x0000000782f00000, 0x0000000782f00000, 0x0000000783000000|  0%| F|  |TAMS 0x0000000782f00000, 0x0000000782f00000| Untracked 
|  48|0x0000000783000000, 0x0000000783000000, 0x0000000783100000|  0%| F|  |TAMS 0x0000000783000000, 0x0000000783000000| Untracked 
|  49|0x0000000783100000, 0x0000000783100000, 0x0000000783200000|  0%| F|  |TAMS 0x0000000783100000, 0x0000000783100000| Untracked 
|  50|0x0000000783200000, 0x0000000783200000, 0x0000000783300000|  0%| F|  |TAMS 0x0000000783200000, 0x0000000783200000| Untracked 
|  51|0x0000000783300000, 0x0000000783300000, 0x0000000783400000|  0%| F|  |TAMS 0x0000000783300000, 0x0000000783300000| Untracked 
|  52|0x0000000783400000, 0x0000000783400000, 0x0000000783500000|  0%| F|  |TAMS 0x0000000783400000, 0x0000000783400000| Untracked 
|  53|0x0000000783500000, 0x0000000783500000, 0x0000000783600000|  0%| F|  |TAMS 0x0000000783500000, 0x0000000783500000| Untracked 
|  54|0x0000000783600000, 0x0000000783600000, 0x0000000783700000|  0%| F|  |TAMS 0x0000000783600000, 0x0000000783600000| Untracked 
|  55|0x0000000783700000, 0x0000000783700000, 0x0000000783800000|  0%| F|  |TAMS 0x0000000783700000, 0x0000000783700000| Untracked 
|  56|0x0000000783800000, 0x0000000783800000, 0x0000000783900000|  0%| F|  |TAMS 0x0000000783800000, 0x0000000783800000| Untracked 
|  57|0x0000000783900000, 0x0000000783900000, 0x0000000783a00000|  0%| F|  |TAMS 0x0000000783900000, 0x0000000783900000| Untracked 
|  58|0x0000000783a00000, 0x0000000783a00000, 0x0000000783b00000|  0%| F|  |TAMS 0x0000000783a00000, 0x0000000783a00000| Untracked 
|  59|0x0000000783b00000, 0x0000000783b00000, 0x0000000783c00000|  0%| F|  |TAMS 0x0000000783b00000, 0x0000000783b00000| Untracked 
|  60|0x0000000783c00000, 0x0000000783c00000, 0x0000000783d00000|  0%| F|  |TAMS 0x0000000783c00000, 0x0000000783c00000| Untracked 
|  61|0x0000000783d00000, 0x0000000783d00000, 0x0000000783e00000|  0%| F|  |TAMS 0x0000000783d00000, 0x0000000783d00000| Untracked 
|  62|0x0000000783e00000, 0x0000000783e00000, 0x0000000783f00000|  0%| F|  |TAMS 0x0000000783e00000, 0x0000000783e00000| Untracked 
|  63|0x0000000783f00000, 0x0000000783f00000, 0x0000000784000000|  0%| F|  |TAMS 0x0000000783f00000, 0x0000000783f00000| Untracked 
|  64|0x0000000784000000, 0x0000000784000000, 0x0000000784100000|  0%| F|  |TAMS 0x0000000784000000, 0x0000000784000000| Untracked 
|  65|0x0000000784100000, 0x0000000784100000, 0x0000000784200000|  0%| F|  |TAMS 0x0000000784100000, 0x0000000784100000| Untracked 
|  66|0x0000000784200000, 0x0000000784200000, 0x0000000784300000|  0%| F|  |TAMS 0x0000000784200000, 0x0000000784200000| Untracked 
|  67|0x0000000784300000, 0x0000000784300000, 0x0000000784400000|  0%| F|  |TAMS 0x0000000784300000, 0x0000000784300000| Untracked 
|  68|0x0000000784400000, 0x0000000784400000, 0x0000000784500000|  0%| F|  |TAMS 0x0000000784400000, 0x0000000784400000| Untracked 
|  69|0x0000000784500000, 0x0000000784500000, 0x0000000784600000|  0%| F|  |TAMS 0x0000000784500000, 0x0000000784500000| Untracked 
|  70|0x0000000784600000, 0x0000000784600000, 0x0000000784700000|  0%| F|  |TAMS 0x0000000784600000, 0x0000000784600000| Untracked 
|  71|0x0000000784700000, 0x0000000784700000, 0x0000000784800000|  0%| F|  |TAMS 0x0000000784700000, 0x0000000784700000| Untracked 
|  72|0x0000000784800000, 0x0000000784800000, 0x0000000784900000|  0%| F|  |TAMS 0x0000000784800000, 0x0000000784800000| Untracked 
|  73|0x0000000784900000, 0x0000000784900000, 0x0000000784a00000|  0%| F|  |TAMS 0x0000000784900000, 0x0000000784900000| Untracked 
|  74|0x0000000784a00000, 0x0000000784a00000, 0x0000000784b00000|  0%| F|  |TAMS 0x0000000784a00000, 0x0000000784a00000| Untracked 
|  75|0x0000000784b00000, 0x0000000784b00000, 0x0000000784c00000|  0%| F|  |TAMS 0x0000000784b00000, 0x0000000784b00000| Untracked 
|  76|0x0000000784c00000, 0x0000000784c00000, 0x0000000784d00000|  0%| F|  |TAMS 0x0000000784c00000, 0x0000000784c00000| Untracked 
|  77|0x0000000784d00000, 0x0000000784d00000, 0x0000000784e00000|  0%| F|  |TAMS 0x0000000784d00000, 0x0000000784d00000| Untracked 
|  78|0x0000000784e00000, 0x0000000784e00000, 0x0000000784f00000|  0%| F|  |TAMS 0x0000000784e00000, 0x0000000784e00000| Untracked 
|  79|0x0000000784f00000, 0x0000000784f00000, 0x0000000785000000|  0%| F|  |TAMS 0x0000000784f00000, 0x0000000784f00000| Untracked 
|  80|0x0000000785000000, 0x0000000785000000, 0x0000000785100000|  0%| F|  |TAMS 0x0000000785000000, 0x0000000785000000| Untracked 
|  81|0x0000000785100000, 0x0000000785100000, 0x0000000785200000|  0%| F|  |TAMS 0x0000000785100000, 0x0000000785100000| Untracked 
|  82|0x0000000785200000, 0x0000000785200000, 0x0000000785300000|  0%| F|  |TAMS 0x0000000785200000, 0x0000000785200000| Untracked 
|  83|0x0000000785300000, 0x0000000785300000, 0x0000000785400000|  0%| F|  |TAMS 0x0000000785300000, 0x0000000785300000| Untracked 
|  84|0x0000000785400000, 0x0000000785400000, 0x0000000785500000|  0%| F|  |TAMS 0x0000000785400000, 0x0000000785400000| Untracked 
|  85|0x0000000785500000, 0x0000000785500000, 0x0000000785600000|  0%| F|  |TAMS 0x0000000785500000, 0x0000000785500000| Untracked 
|  86|0x0000000785600000, 0x0000000785600000, 0x0000000785700000|  0%| F|  |TAMS 0x0000000785600000, 0x0000000785600000| Untracked 
|  87|0x0000000785700000, 0x0000000785700000, 0x0000000785800000|  0%| F|  |TAMS 0x0000000785700000, 0x0000000785700000| Untracked 
|  88|0x0000000785800000, 0x0000000785800000, 0x0000000785900000|  0%| F|  |TAMS 0x0000000785800000, 0x0000000785800000| Untracked 
|  89|0x0000000785900000, 0x0000000785900000, 0x0000000785a00000|  0%| F|  |TAMS 0x0000000785900000, 0x0000000785900000| Untracked 
|  90|0x0000000785a00000, 0x0000000785a00000, 0x0000000785b00000|  0%| F|  |TAMS 0x0000000785a00000, 0x0000000785a00000| Untracked 
|  91|0x0000000785b00000, 0x0000000785b00000, 0x0000000785c00000|  0%| F|  |TAMS 0x0000000785b00000, 0x0000000785b00000| Untracked 
|  92|0x0000000785c00000, 0x0000000785c00000, 0x0000000785d00000|  0%| F|  |TAMS 0x0000000785c00000, 0x0000000785c00000| Untracked 
|  93|0x0000000785d00000, 0x0000000785d00000, 0x0000000785e00000|  0%| F|  |TAMS 0x0000000785d00000, 0x0000000785d00000| Untracked 
|  94|0x0000000785e00000, 0x0000000785e00000, 0x0000000785f00000|  0%| F|  |TAMS 0x0000000785e00000, 0x0000000785e00000| Untracked 
|  95|0x0000000785f00000, 0x0000000785f00000, 0x0000000786000000|  0%| F|  |TAMS 0x0000000785f00000, 0x0000000785f00000| Untracked 
|  96|0x0000000786000000, 0x0000000786000000, 0x0000000786100000|  0%| F|  |TAMS 0x0000000786000000, 0x0000000786000000| Untracked 
|  97|0x0000000786100000, 0x0000000786100000, 0x0000000786200000|  0%| F|  |TAMS 0x0000000786100000, 0x0000000786100000| Untracked 
|  98|0x0000000786200000, 0x0000000786200000, 0x0000000786300000|  0%| F|  |TAMS 0x0000000786200000, 0x0000000786200000| Untracked 
|  99|0x0000000786300000, 0x0000000786300000, 0x0000000786400000|  0%| F|  |TAMS 0x0000000786300000, 0x0000000786300000| Untracked 
| 100|0x0000000786400000, 0x0000000786400000, 0x0000000786500000|  0%| F|  |TAMS 0x0000000786400000, 0x0000000786400000| Untracked 
| 101|0x0000000786500000, 0x0000000786500000, 0x0000000786600000|  0%| F|  |TAMS 0x0000000786500000, 0x0000000786500000| Untracked 
| 102|0x0000000786600000, 0x0000000786600000, 0x0000000786700000|  0%| F|  |TAMS 0x0000000786600000, 0x0000000786600000| Untracked 
| 103|0x0000000786700000, 0x0000000786700000, 0x0000000786800000|  0%| F|  |TAMS 0x0000000786700000, 0x0000000786700000| Untracked 
| 104|0x0000000786800000, 0x0000000786800000, 0x0000000786900000|  0%| F|  |TAMS 0x0000000786800000, 0x0000000786800000| Untracked 
| 105|0x0000000786900000, 0x0000000786900000, 0x0000000786a00000|  0%| F|  |TAMS 0x0000000786900000, 0x0000000786900000| Untracked 
| 106|0x0000000786a00000, 0x0000000786a00000, 0x0000000786b00000|  0%| F|  |TAMS 0x0000000786a00000, 0x0000000786a00000| Untracked 
| 107|0x0000000786b00000, 0x0000000786b00000, 0x0000000786c00000|  0%| F|  |TAMS 0x0000000786b00000, 0x0000000786b00000| Untracked 
| 108|0x0000000786c00000, 0x0000000786c00000, 0x0000000786d00000|  0%| F|  |TAMS 0x0000000786c00000, 0x0000000786c00000| Untracked 
| 109|0x0000000786d00000, 0x0000000786d00000, 0x0000000786e00000|  0%| F|  |TAMS 0x0000000786d00000, 0x0000000786d00000| Untracked 
| 110|0x0000000786e00000, 0x0000000786e00000, 0x0000000786f00000|  0%| F|  |TAMS 0x0000000786e00000, 0x0000000786e00000| Untracked 
| 111|0x0000000786f00000, 0x0000000786f00000, 0x0000000787000000|  0%| F|  |TAMS 0x0000000786f00000, 0x0000000786f00000| Untracked 
| 112|0x0000000787000000, 0x0000000787000000, 0x0000000787100000|  0%| F|  |TAMS 0x0000000787000000, 0x0000000787000000| Untracked 
| 113|0x0000000787100000, 0x0000000787100000, 0x0000000787200000|  0%| F|  |TAMS 0x0000000787100000, 0x0000000787100000| Untracked 
| 114|0x0000000787200000, 0x0000000787200000, 0x0000000787300000|  0%| F|  |TAMS 0x0000000787200000, 0x0000000787200000| Untracked 
| 115|0x0000000787300000, 0x0000000787300000, 0x0000000787400000|  0%| F|  |TAMS 0x0000000787300000, 0x0000000787300000| Untracked 
| 116|0x0000000787400000, 0x0000000787400000, 0x0000000787500000|  0%| F|  |TAMS 0x0000000787400000, 0x0000000787400000| Untracked 
| 117|0x0000000787500000, 0x0000000787500000, 0x0000000787600000|  0%| F|  |TAMS 0x0000000787500000, 0x0000000787500000| Untracked 
| 118|0x0000000787600000, 0x0000000787600000, 0x0000000787700000|  0%| F|  |TAMS 0x0000000787600000, 0x0000000787600000| Untracked 
| 119|0x0000000787700000, 0x0000000787800000, 0x0000000787800000|100%| E|  |TAMS 0x0000000787700000, 0x0000000787700000| Complete 
| 120|0x0000000787800000, 0x0000000787900000, 0x0000000787900000|100%| E|CS|TAMS 0x0000000787800000, 0x0000000787800000| Complete 
| 121|0x0000000787900000, 0x0000000787a00000, 0x0000000787a00000|100%| E|CS|TAMS 0x0000000787900000, 0x0000000787900000| Complete 
| 122|0x0000000787a00000, 0x0000000787b00000, 0x0000000787b00000|100%| E|CS|TAMS 0x0000000787a00000, 0x0000000787a00000| Complete 
| 123|0x0000000787b00000, 0x0000000787c00000, 0x0000000787c00000|100%| E|CS|TAMS 0x0000000787b00000, 0x0000000787b00000| Complete 
| 124|0x0000000787c00000, 0x0000000787d00000, 0x0000000787d00000|100%| E|CS|TAMS 0x0000000787c00000, 0x0000000787c00000| Complete 
| 125|0x0000000787d00000, 0x0000000787e00000, 0x0000000787e00000|100%| E|CS|TAMS 0x0000000787d00000, 0x0000000787d00000| Complete 
| 126|0x0000000787e00000, 0x0000000787f00000, 0x0000000787f00000|100%| E|CS|TAMS 0x0000000787e00000, 0x0000000787e00000| Complete 
| 127|0x0000000787f00000, 0x0000000788000000, 0x0000000788000000|100%| E|CS|TAMS 0x0000000787f00000, 0x0000000787f00000| Complete 
|1022|0x00000007bfe00000, 0x00000007bfe47000, 0x00000007bff00000| 27%|OA|  |TAMS 0x00000007bfe00000, 0x00000007bfe00000| Untracked 
|1023|0x00000007bff00000, 0x00000007bff76000, 0x00000007c0000000| 46%|CA|  |TAMS 0x00000007bff00000, 0x00000007bff00000| Untracked 

Card table byte_map: [0x0000000122abd000,0x0000000122ebd000] _byte_map_base: 0x000000011eebd000

Marking Bits (Prev, Next): (CMBitMap*) 0x00007fc811809818, (CMBitMap*) 0x00007fc811809858
 Prev Bits: [0x00000001232bd000, 0x00000001252bd000)
 Next Bits: [0x00000001252bd000, 0x00000001272bd000)

Polling page: 0x000000010965a000

Metaspace:

Usage:
  Non-class:      4.92 MB capacity,     2.41 MB ( 49%) used,     2.50 MB ( 51%) free+waste,     6.50 KB ( <1%) overhead. 
      Class:    481.00 KB capacity,   221.69 KB ( 46%) used,   255.50 KB ( 53%) free+waste,     3.81 KB ( <1%) overhead. 
       Both:      5.39 MB capacity,     2.63 MB ( 49%) used,     2.75 MB ( 51%) free+waste,    10.31 KB ( <1%) overhead. 

Virtual space:
  Non-class space:        8.00 MB reserved,       5.00 MB ( 62%) committed 
      Class space:        1.00 GB reserved,     512.00 KB ( <1%) committed 
             Both:        1.01 GB reserved,       5.50 MB ( <1%) committed 

Chunk freelists:
   Non-Class:  29.00 KB
       Class:  0 bytes
        Both:  29.00 KB

MaxMetaspaceSize: unlimited
CompressedClassSpaceSize: 1.00 GB

CodeHeap 'non-profiled nmethods': size=120032Kb used=158Kb max_used=158Kb free=119873Kb
 bounds [0x000000011b585000, 0x000000011b7f5000, 0x0000000122abd000]
CodeHeap 'profiled nmethods': size=120028Kb used=838Kb max_used=838Kb free=119189Kb
 bounds [0x000000011404e000, 0x00000001142be000, 0x000000011b585000]
CodeHeap 'non-nmethods': size=5700Kb used=1507Kb max_used=1521Kb free=4192Kb
 bounds [0x0000000113abd000, 0x0000000113d2d000, 0x000000011404e000]
 total_blobs=1542 nmethods=546 adapters=776
 compilation: enabled
              stopped_count=0, restarted_count=0
 full_count=0

Compilation events (20 events):
Event: 0.549 Thread 0x00007fc811822000  543   !   3       jdk.internal.loader.URLClassPath$JarLoader::getResource (354 bytes)
Event: 0.553 Thread 0x00007fc811822000 nmethod 543 0x0000000114118290 code [0x0000000114118820, 0x000000011411b288]
Event: 0.553 Thread 0x00007fc811822000  539       3       java.nio.DirectByteBuffer::<init> (53 bytes)
Event: 0.554 Thread 0x00007fc811822000 nmethod 539 0x000000011411c910 code [0x000000011411cb00, 0x000000011411d0a8]
Event: 0.554 Thread 0x00007fc811822000  540   !   3       jdk.internal.jimage.BasicImageReader::slice (32 bytes)
Event: 0.554 Thread 0x00007fc811822000 nmethod 540 0x000000011411d290 code [0x000000011411d460, 0x000000011411d9c8]
Event: 0.554 Thread 0x00007fc811822000  541       3       java.nio.DirectByteBufferR::<init> (19 bytes)
Event: 0.554 Thread 0x00007fc811822000 nmethod 541 0x000000011411db90 code [0x000000011411dd40, 0x000000011411df08]
Event: 0.554 Thread 0x00007fc811822000  542       3       java.nio.DirectByteBufferR::slice (81 bytes)
Event: 0.554 Thread 0x00007fc811822000 nmethod 542 0x000000011411e010 code [0x000000011411e1c0, 0x000000011411e528]
Event: 0.554 Thread 0x00007fc811822000  544       3       jdk.internal.util.jar.JarIndex::get (49 bytes)
Event: 0.555 Thread 0x00007fc811822000 nmethod 544 0x000000011411e690 code [0x000000011411e8c0, 0x000000011411f248]
Event: 0.568 Thread 0x00007fc811821000  547       4       java.nio.DirectByteBuffer::ix (10 bytes)
Event: 0.568 Thread 0x00007fc811822000  546       3       java.nio.Buffer::remaining (10 bytes)
Event: 0.568 Thread 0x00007fc811822000 nmethod 546 0x000000011411f510 code [0x000000011411f6a0, 0x000000011411f810]
Event: 0.568 Thread 0x00007fc811822000  545       1       org.lwjgl.system.Pointer$Default::address (5 bytes)
Event: 0.568 Thread 0x00007fc811822000 nmethod 545 0x000000011b5ac210 code [0x000000011b5ac3a0, 0x000000011b5ac4d0]
Event: 0.568 Thread 0x00007fc811821000 nmethod 547 0x000000011b5ac590 code [0x000000011b5ac700, 0x000000011b5ac778]
Event: 0.568 Thread 0x00007fc811821000  548       4       jdk.internal.misc.Unsafe::getByte (7 bytes)
Event: 0.569 Thread 0x00007fc811821000 nmethod 548 0x000000011b5ac890 code [0x000000011b5aca00, 0x000000011b5aca78]

GC Heap History (0 events):
No events

Deoptimization events (12 events):
Event: 0.247 Thread 0x00007fc81280b000 DEOPT PACKING pc=0x00000001140b7da2 sp=0x00007ffee65f9ca0
Event: 0.247 Thread 0x00007fc81280b000 DEOPT UNPACKING pc=0x0000000113b0633a sp=0x00007ffee65f9128 mode 0
Event: 0.320 Thread 0x00007fc81280b000 DEOPT PACKING pc=0x00000001140a7790 sp=0x00007ffee65f8c80
Event: 0.320 Thread 0x00007fc81280b000 DEOPT UNPACKING pc=0x0000000113b0633a sp=0x00007ffee65f80f8 mode 0
Event: 0.361 Thread 0x00007fc81280b000 Uncommon trap: trap_request=0xffffff45 fr.pc=0x000000011b5901e8 relative=0x0000000000000068
Event: 0.361 Thread 0x00007fc81280b000 Uncommon trap: reason=unstable_if action=reinterpret pc=0x000000011b5901e8 method=java.lang.String.isLatin1()Z @ 10 c2
Event: 0.361 Thread 0x00007fc81280b000 DEOPT PACKING pc=0x000000011b5901e8 sp=0x00007ffee65f9510
Event: 0.361 Thread 0x00007fc81280b000 DEOPT UNPACKING pc=0x0000000113b05e25 sp=0x00007ffee65f94c0 mode 2
Event: 0.361 Thread 0x00007fc81280b000 Uncommon trap: trap_request=0xffffff45 fr.pc=0x000000011b598ec4 relative=0x0000000000000044
Event: 0.361 Thread 0x00007fc81280b000 Uncommon trap: reason=unstable_if action=reinterpret pc=0x000000011b598ec4 method=java.lang.CharacterData.of(I)Ljava/lang/CharacterData; @ 4 c2
Event: 0.361 Thread 0x00007fc81280b000 DEOPT PACKING pc=0x000000011b598ec4 sp=0x00007ffee65f9030
Event: 0.361 Thread 0x00007fc81280b000 DEOPT UNPACKING pc=0x0000000113b05e25 sp=0x00007ffee65f8ff0 mode 2

Classes unloaded (0 events):
No events

Classes redefined (0 events):
No events

Internal exceptions (5 events):
Event: 0.316 Thread 0x00007fc81280b000 Exception <a 'java/lang/NoSuchMethodError'{0x0000000787992530}: 'void java.lang.invoke.DelegatingMethodHandle$Holder.delegate(java.lang.Object, java.lang.Object, int, java.lang.Object)'> (0x0000000787992530) 
thrown [/scratch/mesos/slaves/d65fa3d4-10de-46aa-a2db-52cc9981537a-S449/frameworks/1735e8a2-a1db-478c-8104-60c8b0af87dd-0196/executors/d2fd4915-76cb-472a-bcc3-d30392110171/runs/eaf270a8-7ed0-4901-959a-2726e3ec2722/workspace/open/src/hotspot/share/interpreter/linkResolver.cpp, line 767]
Event: 0.317 Thread 0x00007fc81280b000 Exception <a 'java/lang/NoSuchMethodError'{0x0000000787998d40}: 'java.lang.Object java.lang.invoke.DirectMethodHandle$Holder.invokeStaticInit(java.lang.Object, java.lang.Object, java.lang.Object)'> (0x0000000787998d40) 
thrown [/scratch/mesos/slaves/d65fa3d4-10de-46aa-a2db-52cc9981537a-S449/frameworks/1735e8a2-a1db-478c-8104-60c8b0af87dd-0196/executors/d2fd4915-76cb-472a-bcc3-d30392110171/runs/eaf270a8-7ed0-4901-959a-2726e3ec2722/workspace/open/src/hotspot/share/interpreter/linkResolver.cpp, line 767]
Event: 0.347 Thread 0x00007fc81280b000 Exception <a 'sun/nio/fs/UnixException'{0x000000078780ae98}> (0x000000078780ae98) 
thrown [/scratch/mesos/slaves/d65fa3d4-10de-46aa-a2db-52cc9981537a-S449/frameworks/1735e8a2-a1db-478c-8104-60c8b0af87dd-0196/executors/d2fd4915-76cb-472a-bcc3-d30392110171/runs/eaf270a8-7ed0-4901-959a-2726e3ec2722/workspace/open/src/hotspot/share/prims/jni.cpp, line 598]
Event: 0.384 Thread 0x00007fc81280b000 Exception <a 'sun/nio/fs/UnixException'{0x00000007878a3ff8}> (0x00000007878a3ff8) 
thrown [/scratch/mesos/slaves/d65fa3d4-10de-46aa-a2db-52cc9981537a-S449/frameworks/1735e8a2-a1db-478c-8104-60c8b0af87dd-0196/executors/d2fd4915-76cb-472a-bcc3-d30392110171/runs/eaf270a8-7ed0-4901-959a-2726e3ec2722/workspace/open/src/hotspot/share/prims/jni.cpp, line 598]
Event: 0.546 Thread 0x00007fc81280b000 Exception <a 'sun/nio/fs/UnixException'{0x00000007877d7df8}> (0x00000007877d7df8) 
thrown [/scratch/mesos/slaves/d65fa3d4-10de-46aa-a2db-52cc9981537a-S449/frameworks/1735e8a2-a1db-478c-8104-60c8b0af87dd-0196/executors/d2fd4915-76cb-472a-bcc3-d30392110171/runs/eaf270a8-7ed0-4901-959a-2726e3ec2722/workspace/open/src/hotspot/share/prims/jni.cpp, line 598]

Events (20 events):
Event: 0.413 loading class org/lwjgl/system/MemoryStack
Event: 0.413 loading class org/lwjgl/system/MemoryStack done
Event: 0.414 loading class org/lwjgl/BufferUtils
Event: 0.414 loading class org/lwjgl/BufferUtils done
Event: 0.415 loading class org/lwjgl/system/macosx/DynamicLinkLoader
Event: 0.415 loading class org/lwjgl/system/macosx/DynamicLinkLoader done
Event: 0.419 loading class org/lwjgl/glfw/GLFW$Functions
Event: 0.419 loading class org/lwjgl/glfw/GLFW$Functions done
Event: 0.423 loading class org/lwjgl/system/JNI
Event: 0.423 loading class org/lwjgl/system/JNI done
Event: 0.537 loading class org/lwjgl/glfw/EventLoop$OffScreen
Event: 0.537 loading class org/lwjgl/glfw/EventLoop$OffScreen done
Event: 0.537 loading class org/lwjgl/glfw/EventLoop
Event: 0.537 loading class org/lwjgl/glfw/EventLoop done
Event: 0.538 loading class org/lwjgl/system/macosx/ObjCRuntime
Event: 0.538 loading class org/lwjgl/system/macosx/ObjCRuntime done
Event: 0.547 loading class org/lwjgl/system/dyncall/DynLoad
Event: 0.547 loading class org/lwjgl/system/dyncall/DynLoad done
Event: 0.563 loading class org/lwjgl/system/macosx/ObjCRuntime$Functions
Event: 0.563 loading class org/lwjgl/system/macosx/ObjCRuntime$Functions done


Dynamic libraries:
0x00007fff72c2f000 	/usr/lib/libz.1.dylib
0x0000000109608000 	/Users/alexlougheed/Documents/Computing Uni Stuff/jdk-13.0.2.jdk/Contents/Home/lib/libjli.dylib
0x00007fff3877b000 	/System/Library/Frameworks/Cocoa.framework/Versions/A/Cocoa
0x00007fff45f72000 	/System/Library/Frameworks/Security.framework/Versions/A/Security
0x00007fff376e0000 	/System/Library/Frameworks/ApplicationServices.framework/Versions/A/ApplicationServices
0x00007fff706f3000 	/usr/lib/libSystem.B.dylib
0x00007fff734f0000 	/usr/lib/system/libcache.dylib
0x00007fff734f6000 	/usr/lib/system/libcommonCrypto.dylib
0x00007fff73502000 	/usr/lib/system/libcompiler_rt.dylib
0x00007fff7350a000 	/usr/lib/system/libcopyfile.dylib
0x00007fff73514000 	/usr/lib/system/libcorecrypto.dylib
0x00007fff736b3000 	/usr/lib/system/libdispatch.dylib
0x00007fff736f4000 	/usr/lib/system/libdyld.dylib
0x00007fff7372b000 	/usr/lib/system/libkeymgr.dylib
0x00007fff73739000 	/usr/lib/system/liblaunch.dylib
0x00007fff7373a000 	/usr/lib/system/libmacho.dylib
0x00007fff73740000 	/usr/lib/system/libquarantine.dylib
0x00007fff73743000 	/usr/lib/system/libremovefile.dylib
0x00007fff73745000 	/usr/lib/system/libsystem_asl.dylib
0x00007fff7375d000 	/usr/lib/system/libsystem_blocks.dylib
0x00007fff7375e000 	/usr/lib/system/libsystem_c.dylib
0x00007fff737e6000 	/usr/lib/system/libsystem_configuration.dylib
0x00007fff737ea000 	/usr/lib/system/libsystem_coreservices.dylib
0x00007fff737ee000 	/usr/lib/system/libsystem_darwin.dylib
0x00007fff737f7000 	/usr/lib/system/libsystem_dnssd.dylib
0x00007fff737ff000 	/usr/lib/system/libsystem_featureflags.dylib
0x00007fff73801000 	/usr/lib/system/libsystem_info.dylib
0x00007fff7387c000 	/usr/lib/system/libsystem_m.dylib
0x00007fff738c4000 	/usr/lib/system/libsystem_malloc.dylib
0x00007fff738ec000 	/usr/lib/system/libsystem_networkextension.dylib
0x00007fff738fa000 	/usr/lib/system/libsystem_notify.dylib
0x00007fff73918000 	/usr/lib/system/libsystem_sandbox.dylib
0x00007fff7391d000 	/usr/lib/system/libsystem_secinit.dylib
0x00007fff7384f000 	/usr/lib/system/libsystem_kernel.dylib
0x00007fff73904000 	/usr/lib/system/libsystem_platform.dylib
0x00007fff7390d000 	/usr/lib/system/libsystem_pthread.dylib
0x00007fff73920000 	/usr/lib/system/libsystem_symptoms.dylib
0x00007fff73928000 	/usr/lib/system/libsystem_trace.dylib
0x00007fff73940000 	/usr/lib/system/libunwind.dylib
0x00007fff73946000 	/usr/lib/system/libxpc.dylib
0x00007fff72553000 	/usr/lib/libobjc.A.dylib
0x00007fff70a2c000 	/usr/lib/libc++abi.dylib
0x00007fff709d9000 	/usr/lib/libc++.1.dylib
0x00007fff3961d000 	/System/Library/Frameworks/CoreFoundation.framework/Versions/A/CoreFoundation
0x00007fff3bcda000 	/System/Library/Frameworks/Foundation.framework/Versions/C/Foundation
0x00007fff368d0000 	/System/Library/Frameworks/AppKit.framework/Versions/C/AppKit
0x00007fff390ff000 	/System/Library/Frameworks/CoreData.framework/Versions/A/CoreData
0x00007fff6a708000 	/System/Library/PrivateFrameworks/UIFoundation.framework/Versions/A/UIFoundation
0x00007fff6579c000 	/System/Library/PrivateFrameworks/RemoteViewServices.framework/Versions/A/RemoteViewServices
0x00007fff6d263000 	/System/Library/PrivateFrameworks/XCTTargetBootstrap.framework/Versions/A/XCTTargetBootstrap
0x00007fff394ea000 	/System/Library/Frameworks/CoreDisplay.framework/Versions/A/CoreDisplay
0x00007fff3eb95000 	/System/Library/Frameworks/Metal.framework/Versions/A/Metal
0x00007fff53789000 	/System/Library/PrivateFrameworks/DesktopServicesPriv.framework/Versions/A/DesktopServicesPriv
0x00007fff7182e000 	/usr/lib/liblangid.dylib
0x00007fff52a1e000 	/System/Library/PrivateFrameworks/CoreSVG.framework/Versions/A/CoreSVG
0x00007fff688f8000 	/System/Library/PrivateFrameworks/SkyLight.framework/Versions/A/SkyLight
0x00007fff39a9e000 	/System/Library/Frameworks/CoreGraphics.framework/Versions/A/CoreGraphics
0x00007fff352a4000 	/System/Library/Frameworks/Accelerate.framework/Versions/A/Accelerate
0x00007fff72b20000 	/usr/lib/libxml2.2.dylib
0x00007fff5e727000 	/System/Library/PrivateFrameworks/IconServices.framework/Versions/A/IconServices
0x00007fff3c4b9000 	/System/Library/Frameworks/IOSurface.framework/Versions/A/IOSurface
0x00007fff7021d000 	/usr/lib/libDiagnosticMessagesClient.dylib
0x00007fff535e3000 	/System/Library/PrivateFrameworks/DFRFoundation.framework/Versions/A/DFRFoundation
0x00007fff715bd000 	/usr/lib/libicucore.A.dylib
0x00007fff37a12000 	/System/Library/Frameworks/AudioToolbox.framework/Versions/A/AudioToolbox
0x00007fff37af5000 	/System/Library/Frameworks/AudioUnit.framework/Versions/A/AudioUnit
0x00007fff708f5000 	/usr/lib/libauto.dylib
0x00007fff53685000 	/System/Library/PrivateFrameworks/DataDetectorsCore.framework/Versions/A/DataDetectorsCore
0x00007fff3829c000 	/System/Library/Frameworks/Carbon.framework/Versions/A/Frameworks/HIToolbox.framework/Versions/A/HIToolbox
0x00007fff4516e000 	/System/Library/Frameworks/QuartzCore.framework/Versions/A/QuartzCore
0x00007fff385db000 	/System/Library/Frameworks/Carbon.framework/Versions/A/Frameworks/SpeechRecognition.framework/Versions/A/SpeechRecognition
0x00007fff530f7000 	/System/Library/PrivateFrameworks/CoreUI.framework/Versions/A/CoreUI
0x00007fff38b6a000 	/System/Library/Frameworks/CoreAudio.framework/Versions/A/CoreAudio
0x00007fff3b999000 	/System/Library/Frameworks/DiskArbitration.framework/Versions/A/DiskArbitration
0x00007fff60777000 	/System/Library/PrivateFrameworks/MultitouchSupport.framework/Versions/A/MultitouchSupport
0x00007fff71484000 	/usr/lib/libenergytrace.dylib
0x00007fff3c413000 	/System/Library/Frameworks/IOKit.framework/Versions/A/IOKit
0x00007fff3aa05000 	/System/Library/Frameworks/CoreServices.framework/Versions/A/CoreServices
0x00007fff6292f000 	/System/Library/PrivateFrameworks/PerformanceAnalysis.framework/Versions/A/PerformanceAnalysis
0x00007fff441a1000 	/System/Library/Frameworks/OpenGL.framework/Versions/A/OpenGL
0x00007fff38789000 	/System/Library/Frameworks/ColorSync.framework/Versions/A/ColorSync
0x00007fff3a121000 	/System/Library/Frameworks/CoreImage.framework/Versions/A/CoreImage
0x00007fff3b478000 	/System/Library/Frameworks/CoreText.framework/Versions/A/CoreText
0x00007fff3c549000 	/System/Library/Frameworks/ImageIO.framework/Versions/A/ImageIO
0x00007fff70a55000 	/usr/lib/libcompression.dylib
0x00007fff70561000 	/usr/lib/libMobileGestalt.dylib
0x00007fff6a472000 	/System/Library/PrivateFrameworks/TextureIO.framework/Versions/A/TextureIO
0x00007fff70858000 	/usr/lib/libate.dylib
0x00007fff5e930000 	/System/Library/PrivateFrameworks/InternationalSupport.framework/Versions/A/InternationalSupport
0x00007fff71830000 	/usr/lib/liblzma.5.dylib
0x00007fff714ab000 	/usr/lib/libfakelink.dylib
0x00007fff707e5000 	/usr/lib/libarchive.2.dylib
0x00007fff47023000 	/System/Library/Frameworks/SystemConfiguration.framework/Versions/A/SystemConfiguration
0x00007fff70150000 	/usr/lib/libCRFSuite.dylib
0x00007fff37e8c000 	/System/Library/Frameworks/CFNetwork.framework/Versions/A/CFNetwork
0x00007fff709bb000 	/usr/lib/libbsm.0.dylib
0x00007fff7372c000 	/usr/lib/system/libkxld.dylib
0x00007fff4cf60000 	/System/Library/PrivateFrameworks/AppleFSCompression.framework/Versions/A/AppleFSCompression
0x00007fff70d46000 	/usr/lib/libcoretls.dylib
0x00007fff70d5d000 	/usr/lib/libcoretls_cfhelpers.dylib
0x00007fff72599000 	/usr/lib/libpam.2.dylib
0x00007fff726ce000 	/usr/lib/libsqlite3.dylib
0x00007fff72b0d000 	/usr/lib/libxar.1.dylib
0x00007fff709cc000 	/usr/lib/libbz2.1.0.dylib
0x00007fff714cc000 	/usr/lib/libiconv.2.dylib
0x00007fff70a42000 	/usr/lib/libcharset.1.dylib
0x00007fff72036000 	/usr/lib/libnetwork.dylib
0x00007fff725a0000 	/usr/lib/libpcap.A.dylib
0x00007fff7079a000 	/usr/lib/libapple_nghttp2.dylib
0x00007fff3adbc000 	/System/Library/Frameworks/CoreServices.framework/Versions/A/Frameworks/FSEvents.framework/Versions/A/FSEvents
0x00007fff3aa8c000 	/System/Library/Frameworks/CoreServices.framework/Versions/A/Frameworks/CarbonCore.framework/Versions/A/CarbonCore
0x00007fff3b000000 	/System/Library/Frameworks/CoreServices.framework/Versions/A/Frameworks/Metadata.framework/Versions/A/Metadata
0x00007fff3b099000 	/System/Library/Frameworks/CoreServices.framework/Versions/A/Frameworks/OSServices.framework/Versions/A/OSServices
0x00007fff3b0c7000 	/System/Library/Frameworks/CoreServices.framework/Versions/A/Frameworks/SearchKit.framework/Versions/A/SearchKit
0x00007fff3aa06000 	/System/Library/Frameworks/CoreServices.framework/Versions/A/Frameworks/AE.framework/Versions/A/AE
0x00007fff3adc5000 	/System/Library/Frameworks/CoreServices.framework/Versions/A/Frameworks/LaunchServices.framework/Versions/A/LaunchServices
0x00007fff3ad6e000 	/System/Library/Frameworks/CoreServices.framework/Versions/A/Frameworks/DictionaryServices.framework/Versions/A/DictionaryServices
0x00007fff3b12f000 	/System/Library/Frameworks/CoreServices.framework/Versions/A/Frameworks/SharedFileList.framework/Versions/A/SharedFileList
0x00007fff3ffc0000 	/System/Library/Frameworks/NetFS.framework/Versions/A/NetFS
0x00007fff60ca7000 	/System/Library/PrivateFrameworks/NetAuth.framework/Versions/A/NetAuth
0x00007fff6d630000 	/System/Library/PrivateFrameworks/login.framework/Versions/A/Frameworks/loginsupport.framework/Versions/A/loginsupport
0x00007fff69f3d000 	/System/Library/PrivateFrameworks/TCC.framework/Versions/A/TCC
0x00007fff51b91000 	/System/Library/PrivateFrameworks/CoreNLP.framework/Versions/A/CoreNLP
0x00007fff601a4000 	/System/Library/PrivateFrameworks/MetadataUtilities.framework/Versions/A/MetadataUtilities
0x00007fff71908000 	/usr/lib/libmecabra.dylib
0x00007fff71860000 	/usr/lib/libmecab.dylib
0x00007fff714bc000 	/usr/lib/libgermantok.dylib
0x00007fff70781000 	/usr/lib/libThaiTokenizer.dylib
0x00007fff70187000 	/usr/lib/libChineseTokenizer.dylib
0x00007fff352bc000 	/System/Library/Frameworks/Accelerate.framework/Versions/A/Frameworks/vImage.framework/Versions/A/vImage
0x00007fff36726000 	/System/Library/Frameworks/Accelerate.framework/Versions/A/Frameworks/vecLib.framework/Versions/A/vecLib
0x00007fff36663000 	/System/Library/Frameworks/Accelerate.framework/Versions/A/Frameworks/vecLib.framework/Versions/A/libvMisc.dylib
0x00007fff3648b000 	/System/Library/Frameworks/Accelerate.framework/Versions/A/Frameworks/vecLib.framework/Versions/A/libvDSP.dylib
0x00007fff35913000 	/System/Library/Frameworks/Accelerate.framework/Versions/A/Frameworks/vecLib.framework/Versions/A/libBLAS.dylib
0x00007fff3604f000 	/System/Library/Frameworks/Accelerate.framework/Versions/A/Frameworks/vecLib.framework/Versions/A/libLAPACK.dylib
0x00007fff363eb000 	/System/Library/Frameworks/Accelerate.framework/Versions/A/Frameworks/vecLib.framework/Versions/A/libLinearAlgebra.dylib
0x00007fff36478000 	/System/Library/Frameworks/Accelerate.framework/Versions/A/Frameworks/vecLib.framework/Versions/A/libSparseBLAS.dylib
0x00007fff36401000 	/System/Library/Frameworks/Accelerate.framework/Versions/A/Frameworks/vecLib.framework/Versions/A/libQuadrature.dylib
0x00007fff35b7b000 	/System/Library/Frameworks/Accelerate.framework/Versions/A/Frameworks/vecLib.framework/Versions/A/libBNNS.dylib
0x00007fff36407000 	/System/Library/Frameworks/Accelerate.framework/Versions/A/Frameworks/vecLib.framework/Versions/A/libSparse.dylib
0x00007fff5ed18000 	/System/Library/PrivateFrameworks/LanguageModeling.framework/Versions/A/LanguageModeling
0x00007fff51541000 	/System/Library/PrivateFrameworks/CoreEmoji.framework/Versions/A/CoreEmoji
0x00007fff5ee36000 	/System/Library/PrivateFrameworks/LinguisticData.framework/Versions/A/LinguisticData
0x00007fff5ede7000 	/System/Library/PrivateFrameworks/Lexicon.framework/Versions/A/Lexicon
0x00007fff70a43000 	/usr/lib/libcmph.dylib
0x00007fff42baf000 	/System/Library/Frameworks/OpenDirectory.framework/Versions/A/Frameworks/CFOpenDirectory.framework/Versions/A/CFOpenDirectory
0x00007fff42bcc000 	/System/Library/Frameworks/OpenDirectory.framework/Versions/A/OpenDirectory
0x00007fff4b00d000 	/System/Library/PrivateFrameworks/APFS.framework/Versions/A/APFS
0x00007fff462bc000 	/System/Library/Frameworks/SecurityFoundation.framework/Versions/A/SecurityFoundation
0x00007fff72b09000 	/usr/lib/libutil.dylib
0x00007fff52a76000 	/System/Library/PrivateFrameworks/CoreServicesStore.framework/Versions/A/CoreServicesStore
0x00007fff46373000 	/System/Library/Frameworks/ServiceManagement.framework/Versions/A/ServiceManagement
0x00007fff4e730000 	/System/Library/PrivateFrameworks/BackgroundTaskManagement.framework/Versions/A/BackgroundTaskManagement
0x00007fff72c06000 	/usr/lib/libxslt.1.dylib
0x00007fff4d5d3000 	/System/Library/PrivateFrameworks/AppleSystemInfo.framework/Versions/A/AppleSystemInfo
0x00007fff3c764000 	/System/Library/Frameworks/ImageIO.framework/Versions/A/Resources/libJPEG.dylib
0x00007fff3ca23000 	/System/Library/Frameworks/ImageIO.framework/Versions/A/Resources/libTIFF.dylib
0x00007fff3ca06000 	/System/Library/Frameworks/ImageIO.framework/Versions/A/Resources/libPng.dylib
0x00007fff3c6a6000 	/System/Library/Frameworks/ImageIO.framework/Versions/A/Resources/libGIF.dylib
0x00007fff3c6aa000 	/System/Library/Frameworks/ImageIO.framework/Versions/A/Resources/libJP2.dylib
0x00007fff3ca21000 	/System/Library/Frameworks/ImageIO.framework/Versions/A/Resources/libRadiance.dylib
0x00007fff71485000 	/usr/lib/libexpat.1.dylib
0x00007fff4d0bb000 	/System/Library/PrivateFrameworks/AppleJPEG.framework/Versions/A/AppleJPEG
0x00007fff55d8c000 	/System/Library/PrivateFrameworks/FontServices.framework/libFontParser.dylib
0x00007fff6c632000 	/System/Library/PrivateFrameworks/WatchdogClient.framework/Versions/A/WatchdogClient
0x00007fff5e373000 	/System/Library/PrivateFrameworks/IOAccelerator.framework/Versions/A/IOAccelerator
0x00007fff3ef30000 	/System/Library/Frameworks/MetalPerformanceShaders.framework/Versions/A/MetalPerformanceShaders
0x00007fff5ab09000 	/System/Library/PrivateFrameworks/GPUWrangler.framework/Versions/A/GPUWrangler
0x00007fff5e388000 	/System/Library/PrivateFrameworks/IOPresentment.framework/Versions/A/IOPresentment
0x00007fff535f6000 	/System/Library/PrivateFrameworks/DSExternalDisplay.framework/Versions/A/DSExternalDisplay
0x00007fff43540000 	/System/Library/Frameworks/OpenGL.framework/Versions/A/Libraries/libCoreFSCache.dylib
0x00007fff3ec7c000 	/System/Library/Frameworks/MetalPerformanceShaders.framework/Frameworks/MPSCore.framework/Versions/A/MPSCore
0x00007fff3ecba000 	/System/Library/Frameworks/MetalPerformanceShaders.framework/Frameworks/MPSImage.framework/Versions/A/MPSImage
0x00007fff3ed81000 	/System/Library/Frameworks/MetalPerformanceShaders.framework/Frameworks/MPSNeuralNetwork.framework/Versions/A/MPSNeuralNetwork
0x00007fff3ed45000 	/System/Library/Frameworks/MetalPerformanceShaders.framework/Frameworks/MPSMatrix.framework/Versions/A/MPSMatrix
0x00007fff3eee0000 	/System/Library/Frameworks/MetalPerformanceShaders.framework/Frameworks/MPSRayIntersector.framework/Versions/A/MPSRayIntersector
0x00007fff3ed6b000 	/System/Library/Frameworks/MetalPerformanceShaders.framework/Frameworks/MPSNDArray.framework/Versions/A/MPSNDArray
0x00007fff601f1000 	/System/Library/PrivateFrameworks/MetalTools.framework/Versions/A/MetalTools
0x00007fff4c1e7000 	/System/Library/PrivateFrameworks/AggregateDictionary.framework/Versions/A/AggregateDictionary
0x00007fff50f89000 	/System/Library/PrivateFrameworks/CoreAnalytics.framework/Versions/A/CoreAnalytics
0x00007fff4d4f2000 	/System/Library/PrivateFrameworks/AppleSauce.framework/Versions/A/AppleSauce
0x00007fff70443000 	/usr/lib/libIOReport.dylib
0x00007fff3b630000 	/System/Library/Frameworks/CoreVideo.framework/Versions/A/CoreVideo
0x00007fff5bf82000 	/System/Library/PrivateFrameworks/GraphVisualizer.framework/Versions/A/GraphVisualizer
0x00007fff552d2000 	/System/Library/PrivateFrameworks/FaceCore.framework/Versions/A/FaceCore
0x00007fff42b56000 	/System/Library/Frameworks/OpenCL.framework/Versions/A/OpenCL
0x00007fff70265000 	/usr/lib/libFosl_dynamic.dylib
0x00007fff616c7000 	/System/Library/PrivateFrameworks/OTSVG.framework/Versions/A/OTSVG
0x00007fff377e5000 	/System/Library/Frameworks/ApplicationServices.framework/Versions/A/Frameworks/ATS.framework/Versions/A/Resources/libFontRegistry.dylib
0x00007fff55f5d000 	/System/Library/PrivateFrameworks/FontServices.framework/libhvf.dylib
0x00007fff4354b000 	/System/Library/Frameworks/OpenGL.framework/Versions/A/Libraries/libGFXShared.dylib
0x00007fff43729000 	/System/Library/Frameworks/OpenGL.framework/Versions/A/Libraries/libGLU.dylib
0x00007fff43554000 	/System/Library/Frameworks/OpenGL.framework/Versions/A/Libraries/libGL.dylib
0x00007fff4355f000 	/System/Library/Frameworks/OpenGL.framework/Versions/A/Libraries/libGLImage.dylib
0x00007fff4353d000 	/System/Library/Frameworks/OpenGL.framework/Versions/A/Libraries/libCVMSPluginSupport.dylib
0x00007fff43546000 	/System/Library/Frameworks/OpenGL.framework/Versions/A/Libraries/libCoreVMClient.dylib
0x00007fff71ed7000 	/usr/lib/libncurses.5.4.dylib
0x00007fff376e1000 	/System/Library/Frameworks/ApplicationServices.framework/Versions/A/Frameworks/ATS.framework/Versions/A/ATS
0x00007fff378ae000 	/System/Library/Frameworks/ApplicationServices.framework/Versions/A/Frameworks/ColorSyncLegacy.framework/Versions/A/ColorSyncLegacy
0x00007fff3794c000 	/System/Library/Frameworks/ApplicationServices.framework/Versions/A/Frameworks/HIServices.framework/Versions/A/HIServices
0x00007fff379a4000 	/System/Library/Frameworks/ApplicationServices.framework/Versions/A/Frameworks/LangAnalysis.framework/Versions/A/LangAnalysis
0x00007fff379b3000 	/System/Library/Frameworks/ApplicationServices.framework/Versions/A/Frameworks/PrintCore.framework/Versions/A/PrintCore
0x00007fff379f9000 	/System/Library/Frameworks/ApplicationServices.framework/Versions/A/Frameworks/QD.framework/Versions/A/QD
0x00007fff37a04000 	/System/Library/Frameworks/ApplicationServices.framework/Versions/A/Frameworks/SpeechSynthesis.framework/Versions/A/SpeechSynthesis
0x00007fff3787e000 	/System/Library/Frameworks/ApplicationServices.framework/Versions/A/Frameworks/ATSUI.framework/Versions/A/ATSUI
0x00007fff7131b000 	/usr/lib/libcups.2.dylib
0x00007fff3dfcb000 	/System/Library/Frameworks/Kerberos.framework/Versions/A/Kerberos
0x00007fff3c10c000 	/System/Library/Frameworks/GSS.framework/Versions/A/GSS
0x00007fff7265a000 	/usr/lib/libresolv.9.dylib
0x00007fff5c12f000 	/System/Library/PrivateFrameworks/Heimdal.framework/Versions/A/Heimdal
0x00007fff3dfde000 	/System/Library/Frameworks/Kerberos.framework/Versions/A/Libraries/libHeimdalProxy.dylib
0x00007fff714c2000 	/usr/lib/libheimdal-asn1.dylib
0x00007fff50421000 	/System/Library/PrivateFrameworks/CommonAuth.framework/Versions/A/CommonAuth
0x00007fff4d670000 	/System/Library/PrivateFrameworks/AssertionServices.framework/Versions/A/AssertionServices
0x00007fff4e213000 	/System/Library/PrivateFrameworks/AudioToolboxCore.framework/Versions/A/AudioToolboxCore
0x00007fff6d2e0000 	/System/Library/PrivateFrameworks/caulk.framework/Versions/A/caulk
0x00007fff4e7dc000 	/System/Library/PrivateFrameworks/BaseBoard.framework/Versions/A/BaseBoard
0x00007fff6592a000 	/System/Library/PrivateFrameworks/RunningBoardServices.framework/Versions/A/RunningBoardServices
0x00007fff6293b000 	/System/Library/PrivateFrameworks/PersistentConnection.framework/Versions/A/PersistentConnection
0x00007fff65323000 	/System/Library/PrivateFrameworks/ProtocolBuffer.framework/Versions/A/ProtocolBuffer
0x00007fff50445000 	/System/Library/PrivateFrameworks/CommonUtilities.framework/Versions/A/CommonUtilities
0x00007fff4e96a000 	/System/Library/PrivateFrameworks/Bom.framework/Versions/A/Bom
0x00007fff70116000 	/usr/lib/libAudioToolboxUtility.dylib
0x00007fff4e73a000 	/System/Library/PrivateFrameworks/Backup.framework/Versions/A/Backup
0x00007fff53517000 	/System/Library/PrivateFrameworks/CrashReporterSupport.framework/Versions/A/CrashReporterSupport
0x00007fff673bc000 	/System/Library/PrivateFrameworks/Sharing.framework/Versions/A/Sharing
0x00007fff4cc7e000 	/System/Library/PrivateFrameworks/Apple80211.framework/Versions/A/Apple80211
0x00007fff4e457000 	/System/Library/PrivateFrameworks/AuthKit.framework/Versions/A/AuthKit
0x00007fff53224000 	/System/Library/PrivateFrameworks/CoreUtils.framework/Versions/A/CoreUtils
0x00007fff3b675000 	/System/Library/Frameworks/CoreWLAN.framework/Versions/A/CoreWLAN
0x00007fff3c299000 	/System/Library/Frameworks/IOBluetooth.framework/Versions/A/IOBluetooth
0x00007fff604f6000 	/System/Library/PrivateFrameworks/MobileKeyBag.framework/Versions/A/MobileKeyBag
0x00007fff52029000 	/System/Library/PrivateFrameworks/CorePhoneNumbers.framework/Versions/A/CorePhoneNumbers
0x00007fff4d06e000 	/System/Library/PrivateFrameworks/AppleIDAuthSupport.framework/Versions/A/AppleIDAuthSupport
0x00007fff3ffcd000 	/System/Library/Frameworks/Network.framework/Versions/A/Network
0x00007fff5ebc4000 	/System/Library/PrivateFrameworks/KeychainCircle.framework/Versions/A/KeychainCircle
0x00007fff390c6000 	/System/Library/Frameworks/CoreBluetooth.framework/Versions/A/CoreBluetooth
0x00007fff6943b000 	/System/Library/PrivateFrameworks/SpeechRecognitionCore.framework/Versions/A/SpeechRecognitionCore
0x000000010a800000 	/Users/alexlougheed/Documents/Computing Uni Stuff/jdk-13.0.2.jdk/Contents/Home/lib/server/libjvm.dylib
0x0000000109629000 	/Users/alexlougheed/Documents/Computing Uni Stuff/jdk-13.0.2.jdk/Contents/Home/lib/libverify.dylib
0x0000000109635000 	/Users/alexlougheed/Documents/Computing Uni Stuff/jdk-13.0.2.jdk/Contents/Home/lib/libjava.dylib
0x000000010965c000 	/Users/alexlougheed/Documents/Computing Uni Stuff/jdk-13.0.2.jdk/Contents/Home/lib/libinstrument.dylib
0x00000001096ae000 	/Users/alexlougheed/Documents/Computing Uni Stuff/jdk-13.0.2.jdk/Contents/Home/lib/libzip.dylib
0x00000001096b5000 	/Users/alexlougheed/Documents/Computing Uni Stuff/jdk-13.0.2.jdk/Contents/Home/lib/libjimage.dylib
0x0000000109cf2000 	/Users/alexlougheed/Documents/Computing Uni Stuff/jdk-13.0.2.jdk/Contents/Home/lib/libnio.dylib
0x0000000109d00000 	/Users/alexlougheed/Documents/Computing Uni Stuff/jdk-13.0.2.jdk/Contents/Home/lib/libnet.dylib
0x0000000109d13000 	/Users/alexlougheed/Documents/Computing Uni Stuff/jdk-13.0.2.jdk/Contents/Home/lib/libextnet.dylib
0x0000000109d16000 	/private/var/folders/8s/t1xm3cl513v5z4bvz4qsk4vc0000gn/T/lwjglalexlougheed/3.2.3-build-13/liblwjgl.dylib
0x0000000109d3e000 	/private/var/folders/8s/t1xm3cl513v5z4bvz4qsk4vc0000gn/T/lwjglalexlougheed/3.2.3-build-13/libglfw.dylib
0x00007fff52a42000 	/System/Library/PrivateFrameworks/CoreServicesInternal.framework/Versions/A/CoreServicesInternal
0x00007fff3bb94000 	/System/Library/Frameworks/FileProvider.framework/Versions/A/FileProvider
0x00007fff36727000 	/System/Library/Frameworks/Accounts.framework/Versions/A/Accounts
0x00007fff5ae2e000 	/System/Library/PrivateFrameworks/GenerationalStorage.framework/Versions/A/GenerationalStorage
0x00007fff52fc9000 	/System/Library/PrivateFrameworks/CoreSymbolication.framework/Versions/A/CoreSymbolication
0x00007fff69c7d000 	/System/Library/PrivateFrameworks/SymptomDiagnosticReporter.framework/Versions/A/SymptomDiagnosticReporter
0x00007fff4c782000 	/System/Library/PrivateFrameworks/AppContainer.framework/Versions/A/AppContainer
0x00007fff72674000 	/usr/lib/libsandbox.1.dylib
0x00007fff6b5d6000 	/System/Library/PrivateFrameworks/UserManagement.framework/Versions/A/UserManagement
0x00007fff4f526000 	/System/Library/PrivateFrameworks/ChunkingLibrary.framework/Versions/A/ChunkingLibrary
0x00007fff5374b000 	/System/Library/PrivateFrameworks/DebugSymbols.framework/Versions/A/DebugSymbols
0x00007fff4c7f4000 	/System/Library/PrivateFrameworks/AppSandbox.framework/Versions/A/AppSandbox
0x00007fff67246000 	/System/Library/PrivateFrameworks/SecCodeWrapper.framework/Versions/A/SecCodeWrapper
0x00007fff7052b000 	/usr/lib/libMatch.1.dylib
0x00007fff352a5000 	/System/Library/Frameworks/Accelerate.framework/Versions/A/Frameworks/vImage.framework/Versions/A/Libraries/libCGInterfaces.dylib
0x00007fff55ec4000 	/System/Library/PrivateFrameworks/FontServices.framework/libTrueTypeScaler.dylib
0x00007fff33426000 	/System/Library/Extensions/AppleIntelSKLGraphicsMTLDriver.bundle/Contents/MacOS/AppleIntelSKLGraphicsMTLDriver
0x00007fff5944e000 	/System/Library/PrivateFrameworks/GPUCompiler.framework/Versions/3902/Libraries/libmetal_timestamp.dylib
0x00007fff6c3a2000 	/System/Library/PrivateFrameworks/ViewBridge.framework/Versions/A/ViewBridge


VM Arguments:
jvm_args: -javaagent:/Applications/IntelliJ IDEA CE.app/Contents/lib/idea_rt.jar=50153:/Applications/IntelliJ IDEA CE.app/Contents/bin -Dfile.encoding=UTF-8 
java_command: client.clientLauncher
java_class_path (initial): /Users/alexlougheed/Documents/Computing Uni Stuff/Team_15_Project_MVP_2.0/target/classes:/Users/alexlougheed/.m2/repository/org/lwjgl/lwjgl/3.2.3/lwjgl-3.2.3.jar:/Users/alexlougheed/.m2/repository/org/lwjgl/lwjgl-assimp/3.2.3/lwjgl-assimp-3.2.3.jar:/Users/alexlougheed/.m2/repository/org/lwjgl/lwjgl-bgfx/3.2.3/lwjgl-bgfx-3.2.3.jar:/Users/alexlougheed/.m2/repository/org/lwjgl/lwjgl-cuda/3.2.3/lwjgl-cuda-3.2.3.jar:/Users/alexlougheed/.m2/repository/org/lwjgl/lwjgl-egl/3.2.3/lwjgl-egl-3.2.3.jar:/Users/alexlougheed/.m2/repository/org/lwjgl/lwjgl-glfw/3.2.3/lwjgl-glfw-3.2.3.jar:/Users/alexlougheed/.m2/repository/org/lwjgl/lwjgl-jawt/3.2.3/lwjgl-jawt-3.2.3.jar:/Users/alexlougheed/.m2/repository/org/lwjgl/lwjgl-jemalloc/3.2.3/lwjgl-jemalloc-3.2.3.jar:/Users/alexlougheed/.m2/repository/org/lwjgl/lwjgl-libdivide/3.2.3/lwjgl-libdivide-3.2.3.jar:/Users/alexlougheed/.m2/repository/org/lwjgl/lwjgl-llvm/3.2.3/lwjgl-llvm-3.2.3.jar:/Users/alexlougheed/.m2/repository/org/lwjgl/lwjgl-lmdb/3.2.3/lwjgl-lmdb-3.2.3.jar:/Users/alexlougheed/.m2/repository/org/lwjgl/lwjgl-lz4/3.2.3/lwjgl-lz4-3.2.3.jar:/Users/alexlougheed/.m2/repository/org/lwjgl/lwjgl-meow/3.2.3/lwjgl-meow-3.2.3.jar:/Users/alexlougheed/.m2/repository/org/lwjgl/lwjgl-nanovg/3.2.3/lwjgl-nanovg-3.2.3.jar:/Users/alexlougheed/.m2/repository/org/lwjgl/lwjgl-nfd/3.2.3/lwjgl-nfd-3.2.3.jar:/Users/alexlougheed/.m2/repository/org/lwjgl/lwjgl-nuklear/3.2.3/lwjgl-nuklear-3.2.3.jar:/Users/alexlougheed/.m2/repository/org/lwjgl/lwjgl-odbc/3.2.3/lwjgl-odbc-3.2.3.jar:/Users/alexlougheed/.m2/repository/org/lwjgl/lwjgl-openal/3.2.3/lwjgl-openal-3.2.3.jar:/Users/alexlougheed/.m2/repository/org/lwjgl/lwjgl-opencl/3.2.3/lwjgl-opencl-3.2.3.jar:/Users/alexlougheed/.m2/repository/org/lwjgl/lwjgl-opengl/3.2.3/lwjgl-opengl-3.2.3.jar:/Users/alexlougheed/.m2/repository/org/lwjgl/lwjgl-opengles/3.2.3/lwjgl-opengles-3.2.3.jar:/Users/alexlougheed/.m2/repository/org/lwjgl/lwjgl-openvr/3.2.3/lwjgl-openvr-3.2.3.jar:/Users/alexlough
Launcher Type: SUN_STANDARD

[Global flags]
     intx CICompilerCount                          = 3                                         {product} {ergonomic}
     uint ConcGCThreads                            = 1                                         {product} {ergonomic}
     uint G1ConcRefinementThreads                  = 4                                         {product} {ergonomic}
   size_t G1HeapRegionSize                         = 1048576                                   {product} {ergonomic}
    uintx GCDrainStackTargetSize                   = 64                                        {product} {ergonomic}
   size_t InitialHeapSize                          = 134217728                                 {product} {ergonomic}
   size_t MarkStackSize                            = 4194304                                   {product} {ergonomic}
   size_t MaxHeapSize                              = 2147483648                                {product} {ergonomic}
   size_t MaxNewSize                               = 1287651328                                {product} {ergonomic}
   size_t MinHeapDeltaBytes                        = 1048576                                   {product} {ergonomic}
   size_t MinHeapSize                              = 8388608                                   {product} {ergonomic}
    uintx NonNMethodCodeHeapSize                   = 5832780                                {pd product} {ergonomic}
    uintx NonProfiledCodeHeapSize                  = 122912730                              {pd product} {ergonomic}
    uintx ProfiledCodeHeapSize                     = 122912730                              {pd product} {ergonomic}
    uintx ReservedCodeCacheSize                    = 251658240                              {pd product} {ergonomic}
     bool SegmentedCodeCache                       = true                                      {product} {ergonomic}
   size_t SoftMaxHeapSize                          = 2147483648                             {manageable} {ergonomic}
     bool UseCompressedClassPointers               = true                                 {lp64_product} {ergonomic}
     bool UseCompressedOops                        = true                                 {lp64_product} {ergonomic}
     bool UseG1GC                                  = true                                      {product} {ergonomic}

Logging:
Log output configuration:
 #0: stdout all=warning uptime,level,tags
 #1: stderr all=off uptime,level,tags

Environment Variables:
PATH=/Library/Frameworks/Python.framework/Versions/3.6/bin:/usr/local/bin:/usr/bin:/bin:/usr/sbin:/sbin:/usr/local/share/dotnet:~/.dotnet/tools:/Library/Frameworks/Mono.framework/Versions/Current/Commands
SHELL=/bin/bash

Signal Handlers:
SIGSEGV: [libjvm.dylib+0x77ba50], sa_mask[0]=11111111011111110111111111111111, sa_flags=SA_ONSTACK|SA_RESTART|SA_SIGINFO
SIGBUS: [libjvm.dylib+0x77ba50], sa_mask[0]=11111111011111110111111111111111, sa_flags=SA_RESTART|SA_SIGINFO
SIGFPE: [libjvm.dylib+0x77ba50], sa_mask[0]=11111111011111110111111111111111, sa_flags=SA_RESTART|SA_SIGINFO
SIGPIPE: [libjvm.dylib+0x62220d], sa_mask[0]=11111111011111110111111111111111, sa_flags=SA_RESTART|SA_SIGINFO
SIGXFSZ: [libjvm.dylib+0x62220d], sa_mask[0]=11111111011111110111111111111111, sa_flags=SA_RESTART|SA_SIGINFO
SIGILL: [libjvm.dylib+0x77ba50], sa_mask[0]=11111111011111110111111111111111, sa_flags=SA_RESTART|SA_SIGINFO
SIGUSR2: [libjvm.dylib+0x6227f7], sa_mask[0]=00100000000000000000000000000000, sa_flags=SA_RESTART|SA_SIGINFO
SIGHUP: [libjvm.dylib+0x6217e5], sa_mask[0]=11111111011111110111111111111111, sa_flags=SA_RESTART|SA_SIGINFO
SIGINT: [libjvm.dylib+0x6217e5], sa_mask[0]=11111111011111110111111111111111, sa_flags=SA_RESTART|SA_SIGINFO
SIGTERM: [libjvm.dylib+0x6217e5], sa_mask[0]=11111111011111110111111111111111, sa_flags=SA_RESTART|SA_SIGINFO
SIGQUIT: [libjvm.dylib+0x6217e5], sa_mask[0]=11111111011111110111111111111111, sa_flags=SA_RESTART|SA_SIGINFO


---------------  S Y S T E M  ---------------

OS:uname:Darwin 19.6.0 Darwin Kernel Version 19.6.0: Mon Aug 31 22:12:52 PDT 2020; root:xnu-6153.141.2~1/RELEASE_X86_64 x86_64
rlimit: STACK 8192k, CORE 0k, NPROC 1392, NOFILE 10240, AS infinity, DATA infinity, FSIZE infinity
load average:2.99 2.30 2.24

CPU:total 4 (initial active 4) (2 cores per cpu, 2 threads per core) family 6 model 78 stepping 3, cmov, cx8, fxsr, mmx, sse, sse2, sse3, ssse3, sse4.1, sse4.2, popcnt, avx, avx2, aes, clmul, erms, rtm, 3dnowpref, lzcnt, ht, tsc, tscinvbit, bmi1, bmi2, adx, fma

Memory: 4k page, physical 8388608k(471188k free), swap 0k(0k free)

vm_info: OpenJDK 64-Bit Server VM (13.0.2+8) for bsd-amd64 JRE (13.0.2+8), built on Dec 11 2019 09:18:29 by "mach5one" with clang 4.2.1 Compatible Apple LLVM 10.0.0 (clang-1000.11.45.5)

END.
