#
# A fatal error has been detected by the Java Runtime Environment:
#
#  SIGSEGV (0xb) at pc=0x00007fff395864a0, pid=10856, tid=775
#
# JRE version: OpenJDK Runtime Environment (13.0.2+8) (build 13.0.2+8)
# Java VM: OpenJDK 64-Bit Server VM (13.0.2+8, mixed mode, sharing, tiered, compressed oops, g1 gc, bsd-amd64)
# Problematic frame:
# C  [HIToolbox+0x274a0]  _ZNK22THIThemeTextInfoFinder10GetOptionsEv+0x8
#
# No core dump will be written. Core dumps have been disabled. To enable core dumping, try "ulimit -c unlimited" before starting Java again
#
# If you would like to submit a bug report, please visit:
#   http://bugreport.java.com/bugreport/crash.jsp
#

---------------  S U M M A R Y ------------

Command Line: -javaagent:/Applications/IntelliJ IDEA CE.app/Contents/lib/idea_rt.jar=51427:/Applications/IntelliJ IDEA CE.app/Contents/bin -Dfile.encoding=UTF-8 client.clientLauncher

Host: MacBookPro13,1 x86_64 2000 MHz, 4 cores, 8G, Darwin 19.3.0
Time: Mon Nov 30 23:25:21 2020 GMT elapsed time: 1 seconds (0d 0h 0m 1s)

---------------  T H R E A D  ---------------

Current thread is native thread

Stack: [0x00007ffee1872000,0x00007ffee2072000],  sp=0x00007ffee206d2b0,  free space=8172k
Native frames: (J=compiled Java code, A=aot compiled Java code, j=interpreted, Vv=VM code, C=native code)
C  [HIToolbox+0x274a0]  _ZNK22THIThemeTextInfoFinder10GetOptionsEv+0x8
C  [HIToolbox+0x273ca]  _ZN15TCoreTextEngine12VerifyLayoutEP16THIThemeTextInfoff12LayoutIntent+0x34
C  [HIToolbox+0x272d7]  _ZN15TCoreTextEngine22GetThemeTextDimensionsEdP16THIThemeTextInfoPdS2_S2_+0x2b
C  [HIToolbox+0x25dd7]  _ZN10DataEngine17GetTextDimensionsEPKvdP15HIThemeTextInfoPdS4_S4_+0x10f
C  [HIToolbox+0x25c8e]  HIThemeGetTextDimensions+0xbc
C  [HIToolbox+0x255ed]  _ZN13HIMenuBarView16MeasureMenuTitleEP8MenuDatahPfi+0x1af
C  [HIToolbox+0x2536e]  _ZN13HIMenuBarView15MeasureAppMenusEv+0xe6
C  [HIToolbox+0x24ef7]  _ZN13HIMenuBarView15EnsureBarLayoutEv+0x1a3
C  [HIToolbox+0x24817]  _ZN13HIMenuBarView8DrawOnceE6CGRectS0_bbP9CGContext+0x23b
C  [HIToolbox+0x244f6]  _ZN13HIMenuBarView8DrawSelfEsPK9__HIShapeP9CGContext+0x23a
C  [HIToolbox+0x23f3e]  _ZN13HIMenuBarView24DrawWithoutCustomizationEsPK9__HIShapeP9CGContext+0x52
C  [HIToolbox+0x23ed6]  _ZN13HIMenuBarView22DrawingDelegateHandlerEP25OpaqueEventHandlerCallRefP14OpaqueEventRefPv+0x102
C  [HIToolbox+0x8711]  _ZL23DispatchEventToHandlersP14EventTargetRecP14OpaqueEventRefP14HandlerCallRec+0x58b
C  [HIToolbox+0x7ae0]  _ZL30SendEventToEventTargetInternalP14OpaqueEventRefP20OpaqueEventTargetRefP14HandlerCallRec+0x152
C  [HIToolbox+0x7983]  SendEventToEventTargetWithOptions+0x2d
C  [HIToolbox+0x23a4b]  _ZN6HIView8SendDrawEsP13OpaqueGrafPtrPK9__HIShapeP9CGContext+0x145
C  [HIToolbox+0x234be]  _ZN6HIView23RecursiveDrawCompositedEPK9__HIShapeS2_jPS_P9CGContexthd+0x246
C  [HIToolbox+0x23709]  _ZN6HIView23RecursiveDrawCompositedEPK9__HIShapeS2_jPS_P9CGContexthd+0x491
C  [HIToolbox+0x22ef9]  _ZN6HIView14DrawCompositedEsP13OpaqueGrafPtrPK9__HIShapejPS_P9CGContext+0x32f
C  [HIToolbox+0x22bbb]  _ZN6HIView6RenderEjP9CGContext+0x33
C  [HIToolbox+0x3aa1b]  _ZL17FlushWindowObjectP10WindowDataPPvh+0x2ed
C  [HIToolbox+0x3a466]  _ZL15FlushAllBuffersP19__CFRunLoopObservermPv+0x132
C  [CoreFoundation+0x840ee]  __CFRUNLOOP_IS_CALLING_OUT_TO_AN_OBSERVER_CALLBACK_FUNCTION__+0x17
C  [CoreFoundation+0x84014]  __CFRunLoopDoObservers+0x1c9
C  [CoreFoundation+0x83832]  __CFRunLoopRun+0x5ea
C  [CoreFoundation+0x82bd3]  CFRunLoopRunSpecific+0x1f3
C  [libjli.dylib+0x6619]  CreateExecutionEnvironment+0x18f
C  [libjli.dylib+0x275e]  JLI_Launch+0x54a
C  [java+0xca1]  main+0x177
C  [libdyld.dylib+0x1a7fd]  start+0x1


siginfo: si_signo: 11 (SIGSEGV), si_code: 1 (SEGV_MAPERR), si_addr: 0x0000000000000012

Register to memory mapping:

RAX=0x0 is NULL
RBX=
[error occurred during error reporting (printing register info), id 0xb, SIGSEGV (0xb) at pc=0x000000010eb31626]

Registers:
RAX=0x0000000000000000, RBX=0x00007ff774497560, RCX=0x00007ffee206d3d8, RDX=0x0000000000000000
RSP=0x00007ffee206d2b0, RBP=0x00007ffee206d2b0, RSI=0x00007ff774409f60, RDI=0x00007ff774409f60
R8 =0x00007ffee206d3e0, R9 =0x0000000000000000, R10=0x00007ff774400000, R11=0x00007ff7744962c0
R12=0x0000000000000000, R13=0x00007ffee206d3d8, R14=0x00007ff774409f60, R15=0x00007ffee206d3d0
RIP=0x00007fff395864a0, EFLAGS=0x0000000000010202, ERR=0x0000000000000004
  TRAPNO=0x000000000000000e

Top of Stack: (sp=0x00007ffee206d2b0)
0x00007ffee206d2b0:   00007ffee206d2f0 00007fff395863ca
0x00007ffee206d2c0:   7f7fffff00000000 00007ff774409f60
0x00007ffee206d2d0:   00007ffee206d3e0 00007ffee206d3d8
0x00007ffee206d2e0:   00007ff774497560 00007ffee206d3d0
0x00007ffee206d2f0:   00007ffee206d330 00007fff395862d7
0x00007ffee206d300:   00007fff933a37f0 00007ff774497560
0x00007ffee206d310:   00007ffee206d348 00007ff774419db0
0x00007ffee206d320:   00007ff774409f60 0000000000000064
0x00007ffee206d330:   00007ffee206d3c0 00007fff39584dd7
0x00007ffee206d340:   0000000000000006 0000000000000000
0x00007ffee206d350:   00007ffe00000001 00007fff3aa95892
0x00007ffee206d360:   0000000000000006 0000000000000000
0x00007ffee206d370:   00007ff774419d90 47efffffe0000000
0x00007ffee206d380:   00007ffee206d3e0 00007ffee206d3d8
0x00007ffee206d390:   00007ffee206d3d0 0000000000000000
0x00007ffee206d3a0:   0000000000000002 00007ff77456a720
0x00007ffee206d3b0:   0000000000000000 00007ffee206d460
0x00007ffee206d3c0:   00007ffee206d400 00007fff39584c8e
0x00007ffee206d3d0:   00007ff774419d90 00007ff774659b90
0x00007ffee206d3e0:   0000000000000002 00007ff774419db0
0x00007ffee206d3f0:   00000001304dd798 00007ffee206d418
0x00007ffee206d400:   00007ffee206d490 00007fff395845ed
0x00007ffee206d410:   0002000000000002 0000000100000000
0x00007ffee206d420:   0000000000000064 0002010200000000
0x00007ffee206d430:   0000000000010000 0000000000000000
0x00007ffee206d440:   0000000000000000 00007ff774756d80
0x00007ffee206d450:   00000001304dd798 0000000100000000
0x00007ffee206d460:   0000000000000000 0000000000000002
0x00007ffee206d470:   00007ff774659b90 0000000000000000
0x00007ffee206d480:   0000000000000000 00007ff774756d80
0x00007ffee206d490:   00007ffee206d4d0 00007fff3958436e
0x00007ffee206d4a0:   0000000000000003 42b6000042380000 

Instructions: (pc=0x00007fff395864a0)
0x00007fff395863a0:   41 54 53 50 41 89 d4 f3 0f 11 4d d0 49 89 f6 48
0x00007fff395863b0:   89 fb 0f 57 c9 0f 2e c1 75 02 7b 28 f3 0f 11 45
0x00007fff395863c0:   d4 49 8b 06 4c 89 f7 ff 50 48 0f ba e0 13 73 0f
0x00007fff395863d0:   f3 0f 10 45 d4 f3 0f 58 05 67 1f 28 00 eb 05 f3
0x00007fff395863e0:   0f 10 45 d4 f3 0f 11 45 d4 0f b6 53 30 48 89 df
0x00007fff395863f0:   4c 89 f6 e8 b4 00 00 00 41 89 c7 4c 8d 6b 50 4c
0x00007fff39586400:   89 ef e8 7d f1 ff ff 84 c0 74 20 48 89 df 44 89
0x00007fff39586410:   fe 4c 89 f2 f3 0f 10 45 d4 f3 0f 10 4d d0 44 89
0x00007fff39586420:   e1 e8 7e 42 00 00 83 f8 01 75 5b 4c 89 ef e8 51
0x00007fff39586430:   f1 ff ff 84 c0 74 13 48 8d 7b 38 e8 d6 43 05 00
0x00007fff39586440:   4c 89 ef 31 f6 e8 62 04 00 00 0f 57 c9 f3 0f 10
0x00007fff39586450:   45 d4 0f 2e c1 75 0e 7a 0c 8a 43 30 84 c0 74 05
0x00007fff39586460:   e8 0f 57 27 00 48 89 df 4c 89 f6 f3 0f 10 4d d0
0x00007fff39586470:   44 89 fa 48 83 c4 08 5b 41 5c 41 5d 41 5e 41 5f
0x00007fff39586480:   5d e9 a8 00 00 00 31 c0 48 83 c4 08 5b 41 5c 41
0x00007fff39586490:   5d 41 5e 41 5f 5d c3 90 55 48 89 e5 48 8b 47 08
0x00007fff395864a0:   8b 40 12 5d c3 90 90 90 90 90 90 90 55 48 89 e5
0x00007fff395864b0:   41 56 53 41 89 d6 0f 57 c9 0f 2e c1 75 02 7b 3a
0x00007fff395864c0:   48 89 f3 48 8b 06 48 89 f7 ff 50 48 a8 01 75 2a
0x00007fff395864d0:   48 8b 03 48 89 df ff 50 50 85 c0 74 28 48 8b 03
0x00007fff395864e0:   48 89 df ff 50 58 31 c9 83 f8 01 0f 95 c1 85 c0
0x00007fff395864f0:   b8 02 00 00 00 0f 45 c1 eb 06 41 0f b6 c6 01 c0
0x00007fff39586500:   5b 41 5e 5d c3 b8 02 00 00 00 eb f4 55 48 89 e5
0x00007fff39586510:   48 8b 47 08 8b 40 16 5d c3 90 55 48 89 e5 48 8b
0x00007fff39586520:   47 08 8b 40 1a 5d c3 90 90 90 90 90 90 90 55 48
0x00007fff39586530:   89 e5 41 57 41 56 41 54 53 48 83 ec 10 49 89 f6
0x00007fff39586540:   49 89 fc 83 fa 02 f3 0f 11 45 dc 74 1e 83 fa 01
0x00007fff39586550:   74 26 45 31 ff 85 d2 75 2d 4c 89 e7 4c 89 f6 f3
0x00007fff39586560:   0f 10 45 dc e8 57 00 00 00 eb 18 4c 89 e7 4c 89
0x00007fff39586570:   f6 e8 e8 51 0a 00 eb 0b 4c 89 e7 4c 89 f6 e8 4b
0x00007fff39586580:   4f 0a 00 41 89 c7 49 8d 5c 24 50 48 89 df be 01
0x00007fff39586590:   00 00 00 e8 fe 02 00 00 48 89 df 4c 89 f6 e8 09 


Stack slot to memory mapping:
stack at sp + 0 slots: 
[error occurred during error reporting (inspecting top of stack), id 0xb, SIGSEGV (0xb) at pc=0x000000010eb31626]


---------------  P R O C E S S  ---------------

VM state:not at safepoint (normal execution)

VM Mutex/Monitor currently owned by a thread: None

Heap address: 0x0000000780000000, size: 2048 MB, Compressed Oops mode: Zero based, Oop shift amount: 3
Narrow klass base: 0x0000000800000000, Narrow klass shift: 3
Compressed class space size: 1073741824 Address: 0x0000000800ade000

Heap:
 garbage-first heap   total 133120K, used 9972K [0x0000000780000000, 0x0000000800000000)
  region size 1024K, 10 young (10240K), 0 survivors (0K)
 Metaspace       used 2727K, capacity 5520K, committed 5632K, reserved 1056768K
  class space    used 222K, capacity 481K, committed 512K, reserved 1048576K
Heap Regions: E=young(eden), S=young(survivor), O=old, HS=humongous(starts), HC=humongous(continues), CS=collection set, F=free, A=archive, TAMS=top-at-mark-start (previous, next)
|   0|0x0000000780000000, 0x0000000780000000, 0x0000000780100000|  0%| F|  |TAMS 0x0000000780000000, 0x0000000780000000| Untracked 
|   1|0x0000000780100000, 0x0000000780100000, 0x0000000780200000|  0%| F|  |TAMS 0x0000000780100000, 0x0000000780100000| Untracked 
|   2|0x0000000780200000, 0x0000000780200000, 0x0000000780300000|  0%| F|  |TAMS 0x0000000780200000, 0x0000000780200000| Untracked 
|   3|0x0000000780300000, 0x0000000780300000, 0x0000000780400000|  0%| F|  |TAMS 0x0000000780300000, 0x0000000780300000| Untracked 
|   4|0x0000000780400000, 0x0000000780400000, 0x0000000780500000|  0%| F|  |TAMS 0x0000000780400000, 0x0000000780400000| Untracked 
|   5|0x0000000780500000, 0x0000000780500000, 0x0000000780600000|  0%| F|  |TAMS 0x0000000780500000, 0x0000000780500000| Untracked 
|   6|0x0000000780600000, 0x0000000780600000, 0x0000000780700000|  0%| F|  |TAMS 0x0000000780600000, 0x0000000780600000| Untracked 
|   7|0x0000000780700000, 0x0000000780700000, 0x0000000780800000|  0%| F|  |TAMS 0x0000000780700000, 0x0000000780700000| Untracked 
|   8|0x0000000780800000, 0x0000000780800000, 0x0000000780900000|  0%| F|  |TAMS 0x0000000780800000, 0x0000000780800000| Untracked 
|   9|0x0000000780900000, 0x0000000780900000, 0x0000000780a00000|  0%| F|  |TAMS 0x0000000780900000, 0x0000000780900000| Untracked 
|  10|0x0000000780a00000, 0x0000000780a00000, 0x0000000780b00000|  0%| F|  |TAMS 0x0000000780a00000, 0x0000000780a00000| Untracked 
|  11|0x0000000780b00000, 0x0000000780b00000, 0x0000000780c00000|  0%| F|  |TAMS 0x0000000780b00000, 0x0000000780b00000| Untracked 
|  12|0x0000000780c00000, 0x0000000780c00000, 0x0000000780d00000|  0%| F|  |TAMS 0x0000000780c00000, 0x0000000780c00000| Untracked 
|  13|0x0000000780d00000, 0x0000000780d00000, 0x0000000780e00000|  0%| F|  |TAMS 0x0000000780d00000, 0x0000000780d00000| Untracked 
|  14|0x0000000780e00000, 0x0000000780e00000, 0x0000000780f00000|  0%| F|  |TAMS 0x0000000780e00000, 0x0000000780e00000| Untracked 
|  15|0x0000000780f00000, 0x0000000780f00000, 0x0000000781000000|  0%| F|  |TAMS 0x0000000780f00000, 0x0000000780f00000| Untracked 
|  16|0x0000000781000000, 0x0000000781000000, 0x0000000781100000|  0%| F|  |TAMS 0x0000000781000000, 0x0000000781000000| Untracked 
|  17|0x0000000781100000, 0x0000000781100000, 0x0000000781200000|  0%| F|  |TAMS 0x0000000781100000, 0x0000000781100000| Untracked 
|  18|0x0000000781200000, 0x0000000781200000, 0x0000000781300000|  0%| F|  |TAMS 0x0000000781200000, 0x0000000781200000| Untracked 
|  19|0x0000000781300000, 0x0000000781300000, 0x0000000781400000|  0%| F|  |TAMS 0x0000000781300000, 0x0000000781300000| Untracked 
|  20|0x0000000781400000, 0x0000000781400000, 0x0000000781500000|  0%| F|  |TAMS 0x0000000781400000, 0x0000000781400000| Untracked 
|  21|0x0000000781500000, 0x0000000781500000, 0x0000000781600000|  0%| F|  |TAMS 0x0000000781500000, 0x0000000781500000| Untracked 
|  22|0x0000000781600000, 0x0000000781600000, 0x0000000781700000|  0%| F|  |TAMS 0x0000000781600000, 0x0000000781600000| Untracked 
|  23|0x0000000781700000, 0x0000000781700000, 0x0000000781800000|  0%| F|  |TAMS 0x0000000781700000, 0x0000000781700000| Untracked 
|  24|0x0000000781800000, 0x0000000781800000, 0x0000000781900000|  0%| F|  |TAMS 0x0000000781800000, 0x0000000781800000| Untracked 
|  25|0x0000000781900000, 0x0000000781900000, 0x0000000781a00000|  0%| F|  |TAMS 0x0000000781900000, 0x0000000781900000| Untracked 
|  26|0x0000000781a00000, 0x0000000781a00000, 0x0000000781b00000|  0%| F|  |TAMS 0x0000000781a00000, 0x0000000781a00000| Untracked 
|  27|0x0000000781b00000, 0x0000000781b00000, 0x0000000781c00000|  0%| F|  |TAMS 0x0000000781b00000, 0x0000000781b00000| Untracked 
|  28|0x0000000781c00000, 0x0000000781c00000, 0x0000000781d00000|  0%| F|  |TAMS 0x0000000781c00000, 0x0000000781c00000| Untracked 
|  29|0x0000000781d00000, 0x0000000781d00000, 0x0000000781e00000|  0%| F|  |TAMS 0x0000000781d00000, 0x0000000781d00000| Untracked 
|  30|0x0000000781e00000, 0x0000000781e00000, 0x0000000781f00000|  0%| F|  |TAMS 0x0000000781e00000, 0x0000000781e00000| Untracked 
|  31|0x0000000781f00000, 0x0000000781f00000, 0x0000000782000000|  0%| F|  |TAMS 0x0000000781f00000, 0x0000000781f00000| Untracked 
|  32|0x0000000782000000, 0x0000000782000000, 0x0000000782100000|  0%| F|  |TAMS 0x0000000782000000, 0x0000000782000000| Untracked 
|  33|0x0000000782100000, 0x0000000782100000, 0x0000000782200000|  0%| F|  |TAMS 0x0000000782100000, 0x0000000782100000| Untracked 
|  34|0x0000000782200000, 0x0000000782200000, 0x0000000782300000|  0%| F|  |TAMS 0x0000000782200000, 0x0000000782200000| Untracked 
|  35|0x0000000782300000, 0x0000000782300000, 0x0000000782400000|  0%| F|  |TAMS 0x0000000782300000, 0x0000000782300000| Untracked 
|  36|0x0000000782400000, 0x0000000782400000, 0x0000000782500000|  0%| F|  |TAMS 0x0000000782400000, 0x0000000782400000| Untracked 
|  37|0x0000000782500000, 0x0000000782500000, 0x0000000782600000|  0%| F|  |TAMS 0x0000000782500000, 0x0000000782500000| Untracked 
|  38|0x0000000782600000, 0x0000000782600000, 0x0000000782700000|  0%| F|  |TAMS 0x0000000782600000, 0x0000000782600000| Untracked 
|  39|0x0000000782700000, 0x0000000782700000, 0x0000000782800000|  0%| F|  |TAMS 0x0000000782700000, 0x0000000782700000| Untracked 
|  40|0x0000000782800000, 0x0000000782800000, 0x0000000782900000|  0%| F|  |TAMS 0x0000000782800000, 0x0000000782800000| Untracked 
|  41|0x0000000782900000, 0x0000000782900000, 0x0000000782a00000|  0%| F|  |TAMS 0x0000000782900000, 0x0000000782900000| Untracked 
|  42|0x0000000782a00000, 0x0000000782a00000, 0x0000000782b00000|  0%| F|  |TAMS 0x0000000782a00000, 0x0000000782a00000| Untracked 
|  43|0x0000000782b00000, 0x0000000782b00000, 0x0000000782c00000|  0%| F|  |TAMS 0x0000000782b00000, 0x0000000782b00000| Untracked 
|  44|0x0000000782c00000, 0x0000000782c00000, 0x0000000782d00000|  0%| F|  |TAMS 0x0000000782c00000, 0x0000000782c00000| Untracked 
|  45|0x0000000782d00000, 0x0000000782d00000, 0x0000000782e00000|  0%| F|  |TAMS 0x0000000782d00000, 0x0000000782d00000| Untracked 
|  46|0x0000000782e00000, 0x0000000782e00000, 0x0000000782f00000|  0%| F|  |TAMS 0x0000000782e00000, 0x0000000782e00000| Untracked 
|  47|0x0000000782f00000, 0x0000000782f00000, 0x0000000783000000|  0%| F|  |TAMS 0x0000000782f00000, 0x0000000782f00000| Untracked 
|  48|0x0000000783000000, 0x0000000783000000, 0x0000000783100000|  0%| F|  |TAMS 0x0000000783000000, 0x0000000783000000| Untracked 
|  49|0x0000000783100000, 0x0000000783100000, 0x0000000783200000|  0%| F|  |TAMS 0x0000000783100000, 0x0000000783100000| Untracked 
|  50|0x0000000783200000, 0x0000000783200000, 0x0000000783300000|  0%| F|  |TAMS 0x0000000783200000, 0x0000000783200000| Untracked 
|  51|0x0000000783300000, 0x0000000783300000, 0x0000000783400000|  0%| F|  |TAMS 0x0000000783300000, 0x0000000783300000| Untracked 
|  52|0x0000000783400000, 0x0000000783400000, 0x0000000783500000|  0%| F|  |TAMS 0x0000000783400000, 0x0000000783400000| Untracked 
|  53|0x0000000783500000, 0x0000000783500000, 0x0000000783600000|  0%| F|  |TAMS 0x0000000783500000, 0x0000000783500000| Untracked 
|  54|0x0000000783600000, 0x0000000783600000, 0x0000000783700000|  0%| F|  |TAMS 0x0000000783600000, 0x0000000783600000| Untracked 
|  55|0x0000000783700000, 0x0000000783700000, 0x0000000783800000|  0%| F|  |TAMS 0x0000000783700000, 0x0000000783700000| Untracked 
|  56|0x0000000783800000, 0x0000000783800000, 0x0000000783900000|  0%| F|  |TAMS 0x0000000783800000, 0x0000000783800000| Untracked 
|  57|0x0000000783900000, 0x0000000783900000, 0x0000000783a00000|  0%| F|  |TAMS 0x0000000783900000, 0x0000000783900000| Untracked 
|  58|0x0000000783a00000, 0x0000000783a00000, 0x0000000783b00000|  0%| F|  |TAMS 0x0000000783a00000, 0x0000000783a00000| Untracked 
|  59|0x0000000783b00000, 0x0000000783b00000, 0x0000000783c00000|  0%| F|  |TAMS 0x0000000783b00000, 0x0000000783b00000| Untracked 
|  60|0x0000000783c00000, 0x0000000783c00000, 0x0000000783d00000|  0%| F|  |TAMS 0x0000000783c00000, 0x0000000783c00000| Untracked 
|  61|0x0000000783d00000, 0x0000000783d00000, 0x0000000783e00000|  0%| F|  |TAMS 0x0000000783d00000, 0x0000000783d00000| Untracked 
|  62|0x0000000783e00000, 0x0000000783e00000, 0x0000000783f00000|  0%| F|  |TAMS 0x0000000783e00000, 0x0000000783e00000| Untracked 
|  63|0x0000000783f00000, 0x0000000783f00000, 0x0000000784000000|  0%| F|  |TAMS 0x0000000783f00000, 0x0000000783f00000| Untracked 
|  64|0x0000000784000000, 0x0000000784000000, 0x0000000784100000|  0%| F|  |TAMS 0x0000000784000000, 0x0000000784000000| Untracked 
|  65|0x0000000784100000, 0x0000000784100000, 0x0000000784200000|  0%| F|  |TAMS 0x0000000784100000, 0x0000000784100000| Untracked 
|  66|0x0000000784200000, 0x0000000784200000, 0x0000000784300000|  0%| F|  |TAMS 0x0000000784200000, 0x0000000784200000| Untracked 
|  67|0x0000000784300000, 0x0000000784300000, 0x0000000784400000|  0%| F|  |TAMS 0x0000000784300000, 0x0000000784300000| Untracked 
|  68|0x0000000784400000, 0x0000000784400000, 0x0000000784500000|  0%| F|  |TAMS 0x0000000784400000, 0x0000000784400000| Untracked 
|  69|0x0000000784500000, 0x0000000784500000, 0x0000000784600000|  0%| F|  |TAMS 0x0000000784500000, 0x0000000784500000| Untracked 
|  70|0x0000000784600000, 0x0000000784600000, 0x0000000784700000|  0%| F|  |TAMS 0x0000000784600000, 0x0000000784600000| Untracked 
|  71|0x0000000784700000, 0x0000000784700000, 0x0000000784800000|  0%| F|  |TAMS 0x0000000784700000, 0x0000000784700000| Untracked 
|  72|0x0000000784800000, 0x0000000784800000, 0x0000000784900000|  0%| F|  |TAMS 0x0000000784800000, 0x0000000784800000| Untracked 
|  73|0x0000000784900000, 0x0000000784900000, 0x0000000784a00000|  0%| F|  |TAMS 0x0000000784900000, 0x0000000784900000| Untracked 
|  74|0x0000000784a00000, 0x0000000784a00000, 0x0000000784b00000|  0%| F|  |TAMS 0x0000000784a00000, 0x0000000784a00000| Untracked 
|  75|0x0000000784b00000, 0x0000000784b00000, 0x0000000784c00000|  0%| F|  |TAMS 0x0000000784b00000, 0x0000000784b00000| Untracked 
|  76|0x0000000784c00000, 0x0000000784c00000, 0x0000000784d00000|  0%| F|  |TAMS 0x0000000784c00000, 0x0000000784c00000| Untracked 
|  77|0x0000000784d00000, 0x0000000784d00000, 0x0000000784e00000|  0%| F|  |TAMS 0x0000000784d00000, 0x0000000784d00000| Untracked 
|  78|0x0000000784e00000, 0x0000000784e00000, 0x0000000784f00000|  0%| F|  |TAMS 0x0000000784e00000, 0x0000000784e00000| Untracked 
|  79|0x0000000784f00000, 0x0000000784f00000, 0x0000000785000000|  0%| F|  |TAMS 0x0000000784f00000, 0x0000000784f00000| Untracked 
|  80|0x0000000785000000, 0x0000000785000000, 0x0000000785100000|  0%| F|  |TAMS 0x0000000785000000, 0x0000000785000000| Untracked 
|  81|0x0000000785100000, 0x0000000785100000, 0x0000000785200000|  0%| F|  |TAMS 0x0000000785100000, 0x0000000785100000| Untracked 
|  82|0x0000000785200000, 0x0000000785200000, 0x0000000785300000|  0%| F|  |TAMS 0x0000000785200000, 0x0000000785200000| Untracked 
|  83|0x0000000785300000, 0x0000000785300000, 0x0000000785400000|  0%| F|  |TAMS 0x0000000785300000, 0x0000000785300000| Untracked 
|  84|0x0000000785400000, 0x0000000785400000, 0x0000000785500000|  0%| F|  |TAMS 0x0000000785400000, 0x0000000785400000| Untracked 
|  85|0x0000000785500000, 0x0000000785500000, 0x0000000785600000|  0%| F|  |TAMS 0x0000000785500000, 0x0000000785500000| Untracked 
|  86|0x0000000785600000, 0x0000000785600000, 0x0000000785700000|  0%| F|  |TAMS 0x0000000785600000, 0x0000000785600000| Untracked 
|  87|0x0000000785700000, 0x0000000785700000, 0x0000000785800000|  0%| F|  |TAMS 0x0000000785700000, 0x0000000785700000| Untracked 
|  88|0x0000000785800000, 0x0000000785800000, 0x0000000785900000|  0%| F|  |TAMS 0x0000000785800000, 0x0000000785800000| Untracked 
|  89|0x0000000785900000, 0x0000000785900000, 0x0000000785a00000|  0%| F|  |TAMS 0x0000000785900000, 0x0000000785900000| Untracked 
|  90|0x0000000785a00000, 0x0000000785a00000, 0x0000000785b00000|  0%| F|  |TAMS 0x0000000785a00000, 0x0000000785a00000| Untracked 
|  91|0x0000000785b00000, 0x0000000785b00000, 0x0000000785c00000|  0%| F|  |TAMS 0x0000000785b00000, 0x0000000785b00000| Untracked 
|  92|0x0000000785c00000, 0x0000000785c00000, 0x0000000785d00000|  0%| F|  |TAMS 0x0000000785c00000, 0x0000000785c00000| Untracked 
|  93|0x0000000785d00000, 0x0000000785d00000, 0x0000000785e00000|  0%| F|  |TAMS 0x0000000785d00000, 0x0000000785d00000| Untracked 
|  94|0x0000000785e00000, 0x0000000785e00000, 0x0000000785f00000|  0%| F|  |TAMS 0x0000000785e00000, 0x0000000785e00000| Untracked 
|  95|0x0000000785f00000, 0x0000000785f00000, 0x0000000786000000|  0%| F|  |TAMS 0x0000000785f00000, 0x0000000785f00000| Untracked 
|  96|0x0000000786000000, 0x0000000786000000, 0x0000000786100000|  0%| F|  |TAMS 0x0000000786000000, 0x0000000786000000| Untracked 
|  97|0x0000000786100000, 0x0000000786100000, 0x0000000786200000|  0%| F|  |TAMS 0x0000000786100000, 0x0000000786100000| Untracked 
|  98|0x0000000786200000, 0x0000000786200000, 0x0000000786300000|  0%| F|  |TAMS 0x0000000786200000, 0x0000000786200000| Untracked 
|  99|0x0000000786300000, 0x0000000786300000, 0x0000000786400000|  0%| F|  |TAMS 0x0000000786300000, 0x0000000786300000| Untracked 
| 100|0x0000000786400000, 0x0000000786400000, 0x0000000786500000|  0%| F|  |TAMS 0x0000000786400000, 0x0000000786400000| Untracked 
| 101|0x0000000786500000, 0x0000000786500000, 0x0000000786600000|  0%| F|  |TAMS 0x0000000786500000, 0x0000000786500000| Untracked 
| 102|0x0000000786600000, 0x0000000786600000, 0x0000000786700000|  0%| F|  |TAMS 0x0000000786600000, 0x0000000786600000| Untracked 
| 103|0x0000000786700000, 0x0000000786700000, 0x0000000786800000|  0%| F|  |TAMS 0x0000000786700000, 0x0000000786700000| Untracked 
| 104|0x0000000786800000, 0x0000000786800000, 0x0000000786900000|  0%| F|  |TAMS 0x0000000786800000, 0x0000000786800000| Untracked 
| 105|0x0000000786900000, 0x0000000786900000, 0x0000000786a00000|  0%| F|  |TAMS 0x0000000786900000, 0x0000000786900000| Untracked 
| 106|0x0000000786a00000, 0x0000000786a00000, 0x0000000786b00000|  0%| F|  |TAMS 0x0000000786a00000, 0x0000000786a00000| Untracked 
| 107|0x0000000786b00000, 0x0000000786b00000, 0x0000000786c00000|  0%| F|  |TAMS 0x0000000786b00000, 0x0000000786b00000| Untracked 
| 108|0x0000000786c00000, 0x0000000786c00000, 0x0000000786d00000|  0%| F|  |TAMS 0x0000000786c00000, 0x0000000786c00000| Untracked 
| 109|0x0000000786d00000, 0x0000000786d00000, 0x0000000786e00000|  0%| F|  |TAMS 0x0000000786d00000, 0x0000000786d00000| Untracked 
| 110|0x0000000786e00000, 0x0000000786e00000, 0x0000000786f00000|  0%| F|  |TAMS 0x0000000786e00000, 0x0000000786e00000| Untracked 
| 111|0x0000000786f00000, 0x0000000786f00000, 0x0000000787000000|  0%| F|  |TAMS 0x0000000786f00000, 0x0000000786f00000| Untracked 
| 112|0x0000000787000000, 0x0000000787000000, 0x0000000787100000|  0%| F|  |TAMS 0x0000000787000000, 0x0000000787000000| Untracked 
| 113|0x0000000787100000, 0x0000000787100000, 0x0000000787200000|  0%| F|  |TAMS 0x0000000787100000, 0x0000000787100000| Untracked 
| 114|0x0000000787200000, 0x0000000787200000, 0x0000000787300000|  0%| F|  |TAMS 0x0000000787200000, 0x0000000787200000| Untracked 
| 115|0x0000000787300000, 0x0000000787300000, 0x0000000787400000|  0%| F|  |TAMS 0x0000000787300000, 0x0000000787300000| Untracked 
| 116|0x0000000787400000, 0x0000000787400000, 0x0000000787500000|  0%| F|  |TAMS 0x0000000787400000, 0x0000000787400000| Untracked 
| 117|0x0000000787500000, 0x0000000787500000, 0x0000000787600000|  0%| F|  |TAMS 0x0000000787500000, 0x0000000787500000| Untracked 
| 118|0x0000000787600000, 0x0000000787600800, 0x0000000787700000|  0%| E|  |TAMS 0x0000000787600000, 0x0000000787600000| Complete 
| 119|0x0000000787700000, 0x0000000787800000, 0x0000000787800000|100%| E|CS|TAMS 0x0000000787700000, 0x0000000787700000| Complete 
| 120|0x0000000787800000, 0x0000000787900000, 0x0000000787900000|100%| E|CS|TAMS 0x0000000787800000, 0x0000000787800000| Complete 
| 121|0x0000000787900000, 0x0000000787a00000, 0x0000000787a00000|100%| E|CS|TAMS 0x0000000787900000, 0x0000000787900000| Complete 
| 122|0x0000000787a00000, 0x0000000787b00000, 0x0000000787b00000|100%| E|CS|TAMS 0x0000000787a00000, 0x0000000787a00000| Complete 
| 123|0x0000000787b00000, 0x0000000787c00000, 0x0000000787c00000|100%| E|CS|TAMS 0x0000000787b00000, 0x0000000787b00000| Complete 
| 124|0x0000000787c00000, 0x0000000787d00000, 0x0000000787d00000|100%| E|CS|TAMS 0x0000000787c00000, 0x0000000787c00000| Complete 
| 125|0x0000000787d00000, 0x0000000787e00000, 0x0000000787e00000|100%| E|CS|TAMS 0x0000000787d00000, 0x0000000787d00000| Complete 
| 126|0x0000000787e00000, 0x0000000787f00000, 0x0000000787f00000|100%| E|CS|TAMS 0x0000000787e00000, 0x0000000787e00000| Complete 
| 127|0x0000000787f00000, 0x0000000788000000, 0x0000000788000000|100%| E|CS|TAMS 0x0000000787f00000, 0x0000000787f00000| Complete 
|1022|0x00000007bfe00000, 0x00000007bfe47000, 0x00000007bff00000| 27%|OA|  |TAMS 0x00000007bfe00000, 0x00000007bfe00000| Untracked 
|1023|0x00000007bff00000, 0x00000007bff76000, 0x00000007c0000000| 46%|CA|  |TAMS 0x00000007bff00000, 0x00000007bff00000| Untracked 

Card table byte_map: [0x0000000118140000,0x0000000118540000] _byte_map_base: 0x0000000114540000

Marking Bits (Prev, Next): (CMBitMap*) 0x00007ff775005018, (CMBitMap*) 0x00007ff775005058
 Prev Bits: [0x0000000118940000, 0x000000011a940000)
 Next Bits: [0x000000011a940000, 0x000000011c940000)

Polling page: 0x000000010dbfe000

Metaspace:

Usage:
  Non-class:      4.92 MB capacity,     2.45 MB ( 50%) used,     2.47 MB ( 50%) free+waste,     6.50 KB ( <1%) overhead. 
      Class:    481.00 KB capacity,   222.20 KB ( 46%) used,   254.98 KB ( 53%) free+waste,     3.81 KB ( <1%) overhead. 
       Both:      5.39 MB capacity,     2.66 MB ( 49%) used,     2.72 MB ( 50%) free+waste,    10.31 KB ( <1%) overhead. 

Virtual space:
  Non-class space:        8.00 MB reserved,       5.00 MB ( 62%) committed 
      Class space:        1.00 GB reserved,     512.00 KB ( <1%) committed 
             Both:        1.01 GB reserved,       5.50 MB ( <1%) committed 

Chunk freelists:
   Non-Class:  33.00 KB
       Class:  0 bytes
        Both:  33.00 KB

MaxMetaspaceSize: unlimited
CompressedClassSpaceSize: 1.00 GB

CodeHeap 'non-profiled nmethods': size=120032Kb used=158Kb max_used=158Kb free=119873Kb
 bounds [0x0000000124954000, 0x0000000124bc4000, 0x000000012be8c000]
CodeHeap 'profiled nmethods': size=120028Kb used=861Kb max_used=861Kb free=119166Kb
 bounds [0x000000011d41d000, 0x000000011d68d000, 0x0000000124954000]
CodeHeap 'non-nmethods': size=5700Kb used=1506Kb max_used=1515Kb free=4194Kb
 bounds [0x000000011ce8c000, 0x000000011d0fc000, 0x000000011d41d000]
 total_blobs=1544 nmethods=554 adapters=776
 compilation: enabled
              stopped_count=0, restarted_count=0
 full_count=0

Compilation events (20 events):
Event: 0.935 Thread 0x00007ff77507f000  545       3       java.util.zip.ZipUtils::CENSIZ (9 bytes)
Event: 0.935 Thread 0x00007ff77507f000 nmethod 545 0x000000011d4f0690 code [0x000000011d4f0840, 0x000000011d4f0b70]
Event: 0.938 Thread 0x00007ff77507f000  546       3       jdk.internal.jimage.ImageStringsReader::charsFromByteBufferLength (47 bytes)
Event: 0.938 Thread 0x00007ff77507f000 nmethod 546 0x000000011d4f0d10 code [0x000000011d4f0ee0, 0x000000011d4f13d8]
Event: 0.938 Thread 0x00007ff77507f000  549       3       java.nio.DirectByteBufferR::slice (81 bytes)
Event: 0.938 Thread 0x00007ff77507f000 nmethod 549 0x000000011d4f1590 code [0x000000011d4f1740, 0x000000011d4f1aa8]
Event: 0.938 Thread 0x00007ff77507f000  547       3       java.lang.String::<init> (10 bytes)
Event: 0.938 Thread 0x00007ff77507f000 nmethod 547 0x000000011d4f1c10 code [0x000000011d4f1dc0, 0x000000011d4f1f88]
Event: 0.938 Thread 0x00007ff77507f000  548       3       jdk.internal.jimage.ImageStringsReader::get (9 bytes)
Event: 0.938 Thread 0x00007ff77507f000 nmethod 548 0x000000011d4f2090 code [0x000000011d4f2240, 0x000000011d4f2488]
Event: 0.949 Thread 0x00007ff77507f000  552       3       org.lwjgl.system.MemoryUtil::encodeASCII (66 bytes)
Event: 0.950 Thread 0x00007ff77507f000 nmethod 552 0x000000011d4f2590 code [0x000000011d4f2780, 0x000000011d4f2d78]
Event: 0.950 Thread 0x00007ff77507f000  550       3       sun.misc.Unsafe::putInt (11 bytes)
Event: 0.950 Thread 0x00007ff77507f000 nmethod 550 0x000000011d4f2f90 code [0x000000011d4f3120, 0x000000011d4f3290]
Event: 0.950 Thread 0x00007ff77507f000  553       1       org.lwjgl.system.Pointer$Default::address (5 bytes)
Event: 0.950 Thread 0x00007ff77507f000 nmethod 553 0x000000012497b710 code [0x000000012497b8a0, 0x000000012497b9d0]
Event: 0.950 Thread 0x00007ff77507f000  554       3       java.nio.Buffer::remaining (10 bytes)
Event: 0.950 Thread 0x00007ff77507f000 nmethod 554 0x000000011d4f3310 code [0x000000011d4f34a0, 0x000000011d4f3610]
Event: 0.951 Thread 0x00007ff77507f000  555       3       java.lang.Class::getPackageName (82 bytes)
Event: 0.952 Thread 0x00007ff77507f000 nmethod 555 0x000000011d4f3690 code [0x000000011d4f3900, 0x000000011d4f4288]

GC Heap History (0 events):
No events

Deoptimization events (12 events):
Event: 0.351 Thread 0x00007ff775801000 DEOPT PACKING pc=0x000000011d4836a2 sp=0x0000700002c9ceb0
Event: 0.351 Thread 0x00007ff775801000 DEOPT UNPACKING pc=0x000000011ced533a sp=0x0000700002c9c338 mode 0
Event: 0.371 Thread 0x00007ff775801000 DEOPT PACKING pc=0x000000011d476290 sp=0x0000700002c9b2a0
Event: 0.371 Thread 0x00007ff775801000 DEOPT UNPACKING pc=0x000000011ced533a sp=0x0000700002c9a718 mode 0
Event: 0.606 Thread 0x00007ff775801000 Uncommon trap: trap_request=0xffffff45 fr.pc=0x000000012496ae68 relative=0x0000000000000068
Event: 0.606 Thread 0x00007ff775801000 Uncommon trap: reason=unstable_if action=reinterpret pc=0x000000012496ae68 method=java.lang.String.isLatin1()Z @ 10 c2
Event: 0.606 Thread 0x00007ff775801000 DEOPT PACKING pc=0x000000012496ae68 sp=0x0000700002c9c720
Event: 0.606 Thread 0x00007ff775801000 DEOPT UNPACKING pc=0x000000011ced4e25 sp=0x0000700002c9c6d0 mode 2
Event: 0.606 Thread 0x00007ff775801000 Uncommon trap: trap_request=0xffffff45 fr.pc=0x0000000124967b44 relative=0x0000000000000044
Event: 0.607 Thread 0x00007ff775801000 Uncommon trap: reason=unstable_if action=reinterpret pc=0x0000000124967b44 method=java.lang.CharacterData.of(I)Ljava/lang/CharacterData; @ 4 c2
Event: 0.607 Thread 0x00007ff775801000 DEOPT PACKING pc=0x0000000124967b44 sp=0x0000700002c9c240
Event: 0.607 Thread 0x00007ff775801000 DEOPT UNPACKING pc=0x000000011ced4e25 sp=0x0000700002c9c200 mode 2

Classes unloaded (0 events):
No events

Classes redefined (0 events):
No events

Internal exceptions (5 events):
Event: 0.507 Thread 0x00007ff775801000 Exception <a 'java/lang/NoSuchMethodError'{0x0000000787992588}: 'void java.lang.invoke.DelegatingMethodHandle$Holder.delegate(java.lang.Object, java.lang.Object, int, java.lang.Object)'> (0x0000000787992588) 
thrown [/scratch/mesos/slaves/d65fa3d4-10de-46aa-a2db-52cc9981537a-S449/frameworks/1735e8a2-a1db-478c-8104-60c8b0af87dd-0196/executors/d2fd4915-76cb-472a-bcc3-d30392110171/runs/eaf270a8-7ed0-4901-959a-2726e3ec2722/workspace/open/src/hotspot/share/interpreter/linkResolver.cpp, line 767]
Event: 0.511 Thread 0x00007ff775801000 Exception <a 'java/lang/NoSuchMethodError'{0x0000000787998d98}: 'java.lang.Object java.lang.invoke.DirectMethodHandle$Holder.invokeStaticInit(java.lang.Object, java.lang.Object, java.lang.Object)'> (0x0000000787998d98) 
thrown [/scratch/mesos/slaves/d65fa3d4-10de-46aa-a2db-52cc9981537a-S449/frameworks/1735e8a2-a1db-478c-8104-60c8b0af87dd-0196/executors/d2fd4915-76cb-472a-bcc3-d30392110171/runs/eaf270a8-7ed0-4901-959a-2726e3ec2722/workspace/open/src/hotspot/share/interpreter/linkResolver.cpp, line 767]
Event: 0.563 Thread 0x00007ff775801000 Exception <a 'sun/nio/fs/UnixException'{0x000000078780ae98}> (0x000000078780ae98) 
thrown [/scratch/mesos/slaves/d65fa3d4-10de-46aa-a2db-52cc9981537a-S449/frameworks/1735e8a2-a1db-478c-8104-60c8b0af87dd-0196/executors/d2fd4915-76cb-472a-bcc3-d30392110171/runs/eaf270a8-7ed0-4901-959a-2726e3ec2722/workspace/open/src/hotspot/share/prims/jni.cpp, line 598]
Event: 0.638 Thread 0x00007ff775801000 Exception <a 'sun/nio/fs/UnixException'{0x00000007878a3ff8}> (0x00000007878a3ff8) 
thrown [/scratch/mesos/slaves/d65fa3d4-10de-46aa-a2db-52cc9981537a-S449/frameworks/1735e8a2-a1db-478c-8104-60c8b0af87dd-0196/executors/d2fd4915-76cb-472a-bcc3-d30392110171/runs/eaf270a8-7ed0-4901-959a-2726e3ec2722/workspace/open/src/hotspot/share/prims/jni.cpp, line 598]
Event: 0.938 Thread 0x00007ff775801000 Exception <a 'sun/nio/fs/UnixException'{0x00000007877d7508}> (0x00000007877d7508) 
thrown [/scratch/mesos/slaves/d65fa3d4-10de-46aa-a2db-52cc9981537a-S449/frameworks/1735e8a2-a1db-478c-8104-60c8b0af87dd-0196/executors/d2fd4915-76cb-472a-bcc3-d30392110171/runs/eaf270a8-7ed0-4901-959a-2726e3ec2722/workspace/open/src/hotspot/share/prims/jni.cpp, line 598]

Events (20 events):
Event: 0.700 loading class org/lwjgl/system/macosx/DynamicLinkLoader
Event: 0.700 loading class org/lwjgl/system/macosx/DynamicLinkLoader done
Event: 0.712 loading class org/lwjgl/glfw/GLFW$Functions
Event: 0.712 loading class org/lwjgl/glfw/GLFW$Functions done
Event: 0.716 loading class org/lwjgl/system/JNI
Event: 0.716 loading class org/lwjgl/system/JNI done
Event: 0.935 loading class org/lwjgl/glfw/EventLoop$OffScreen
Event: 0.935 loading class org/lwjgl/glfw/EventLoop$OffScreen done
Event: 0.935 loading class org/lwjgl/glfw/EventLoop
Event: 0.935 loading class org/lwjgl/glfw/EventLoop done
Event: 0.935 loading class org/lwjgl/system/macosx/ObjCRuntime
Event: 0.935 loading class org/lwjgl/system/macosx/ObjCRuntime done
Event: 0.940 loading class org/lwjgl/system/dyncall/DynLoad
Event: 0.940 loading class org/lwjgl/system/dyncall/DynLoad done
Event: 0.946 loading class org/lwjgl/system/macosx/ObjCRuntime$Functions
Event: 0.946 loading class org/lwjgl/system/macosx/ObjCRuntime$Functions done
Event: 0.949 loading class org/lwjgl/system/macosx/CoreFoundation
Event: 0.949 loading class org/lwjgl/system/macosx/CoreFoundation done
Event: 1.027 Thread 0x00007ff774a45000 Thread added: 0x00007ff774a45000
Event: 1.027 Protecting memory [0x0000700003dd7000,0x0000700003ddb000] with protection modes 0


Dynamic libraries:
0x00007fff7143a000 	/usr/lib/libz.1.dylib
0x000000010db98000 	/Users/alexlougheed/Documents/Computing Uni Stuff/jdk-13.0.2.jdk/Contents/Home/lib/libjli.dylib
0x00007fff39a3f000 	/System/Library/Frameworks/Cocoa.framework/Versions/A/Cocoa
0x00007fff4700d000 	/System/Library/Frameworks/Security.framework/Versions/A/Security
0x00007fff389c9000 	/System/Library/Frameworks/ApplicationServices.framework/Versions/A/ApplicationServices
0x00007fff6ef09000 	/usr/lib/libSystem.B.dylib
0x00007fff71eb0000 	/usr/lib/system/libcache.dylib
0x00007fff71eb6000 	/usr/lib/system/libcommonCrypto.dylib
0x00007fff71ec2000 	/usr/lib/system/libcompiler_rt.dylib
0x00007fff71eca000 	/usr/lib/system/libcopyfile.dylib
0x00007fff71ed4000 	/usr/lib/system/libcorecrypto.dylib
0x00007fff72082000 	/usr/lib/system/libdispatch.dylib
0x00007fff720c4000 	/usr/lib/system/libdyld.dylib
0x00007fff720fa000 	/usr/lib/system/libkeymgr.dylib
0x00007fff72108000 	/usr/lib/system/liblaunch.dylib
0x00007fff72109000 	/usr/lib/system/libmacho.dylib
0x00007fff7210f000 	/usr/lib/system/libquarantine.dylib
0x00007fff72112000 	/usr/lib/system/libremovefile.dylib
0x00007fff72114000 	/usr/lib/system/libsystem_asl.dylib
0x00007fff7212c000 	/usr/lib/system/libsystem_blocks.dylib
0x00007fff7212d000 	/usr/lib/system/libsystem_c.dylib
0x00007fff721b5000 	/usr/lib/system/libsystem_configuration.dylib
0x00007fff721b9000 	/usr/lib/system/libsystem_coreservices.dylib
0x00007fff721bd000 	/usr/lib/system/libsystem_darwin.dylib
0x00007fff721c6000 	/usr/lib/system/libsystem_dnssd.dylib
0x00007fff721ce000 	/usr/lib/system/libsystem_featureflags.dylib
0x00007fff721d0000 	/usr/lib/system/libsystem_info.dylib
0x00007fff7224b000 	/usr/lib/system/libsystem_m.dylib
0x00007fff72293000 	/usr/lib/system/libsystem_malloc.dylib
0x00007fff722bb000 	/usr/lib/system/libsystem_networkextension.dylib
0x00007fff722c9000 	/usr/lib/system/libsystem_notify.dylib
0x00007fff722e8000 	/usr/lib/system/libsystem_sandbox.dylib
0x00007fff722ed000 	/usr/lib/system/libsystem_secinit.dylib
0x00007fff7221e000 	/usr/lib/system/libsystem_kernel.dylib
0x00007fff722d3000 	/usr/lib/system/libsystem_platform.dylib
0x00007fff722dd000 	/usr/lib/system/libsystem_pthread.dylib
0x00007fff722f0000 	/usr/lib/system/libsystem_symptoms.dylib
0x00007fff722f8000 	/usr/lib/system/libsystem_trace.dylib
0x00007fff72310000 	/usr/lib/system/libunwind.dylib
0x00007fff72316000 	/usr/lib/system/libxpc.dylib
0x00007fff70d5e000 	/usr/lib/libobjc.A.dylib
0x00007fff6f243000 	/usr/lib/libc++abi.dylib
0x00007fff6f1ef000 	/usr/lib/libc++.1.dylib
0x00007fff3a9b6000 	/System/Library/Frameworks/CoreFoundation.framework/Versions/A/CoreFoundation
0x00007fff3d07b000 	/System/Library/Frameworks/Foundation.framework/Versions/C/Foundation
0x00007fff37bbe000 	/System/Library/Frameworks/AppKit.framework/Versions/C/AppKit
0x00007fff3a4c2000 	/System/Library/Frameworks/CoreData.framework/Versions/A/CoreData
0x00007fff6b7b1000 	/System/Library/PrivateFrameworks/UIFoundation.framework/Versions/A/UIFoundation
0x00007fff65f8d000 	/System/Library/PrivateFrameworks/RemoteViewServices.framework/Versions/A/RemoteViewServices
0x00007fff6e244000 	/System/Library/PrivateFrameworks/XCTTargetBootstrap.framework/Versions/A/XCTTargetBootstrap
0x00007fff3a8a5000 	/System/Library/Frameworks/CoreDisplay.framework/Versions/A/CoreDisplay
0x00007fff3fdf3000 	/System/Library/Frameworks/Metal.framework/Versions/A/Metal
0x00007fff54393000 	/System/Library/PrivateFrameworks/DesktopServicesPriv.framework/Versions/A/DesktopServicesPriv
0x00007fff7003f000 	/usr/lib/liblangid.dylib
0x00007fff534df000 	/System/Library/PrivateFrameworks/CoreSVG.framework/Versions/A/CoreSVG
0x00007fff68d54000 	/System/Library/PrivateFrameworks/SkyLight.framework/Versions/A/SkyLight
0x00007fff3ae38000 	/System/Library/Frameworks/CoreGraphics.framework/Versions/A/CoreGraphics
0x00007fff3675d000 	/System/Library/Frameworks/Accelerate.framework/Versions/A/Accelerate
0x00007fff7132b000 	/usr/lib/libxml2.2.dylib
0x00007fff5f0b7000 	/System/Library/PrivateFrameworks/IconServices.framework/Versions/A/IconServices
0x00007fff3d860000 	/System/Library/Frameworks/IOSurface.framework/Versions/A/IOSurface
0x00007fff6ea41000 	/usr/lib/libDiagnosticMessagesClient.dylib
0x00007fff5420c000 	/System/Library/PrivateFrameworks/DFRFoundation.framework/Versions/A/DFRFoundation
0x00007fff6fdcd000 	/usr/lib/libicucore.A.dylib
0x00007fff38cfb000 	/System/Library/Frameworks/AudioToolbox.framework/Versions/A/AudioToolbox
0x00007fff38ddd000 	/System/Library/Frameworks/AudioUnit.framework/Versions/A/AudioUnit
0x00007fff6f10a000 	/usr/lib/libauto.dylib
0x00007fff5428d000 	/System/Library/PrivateFrameworks/DataDetectorsCore.framework/Versions/A/DataDetectorsCore
0x00007fff3955f000 	/System/Library/Frameworks/Carbon.framework/Versions/A/Frameworks/HIToolbox.framework/Versions/A/HIToolbox
0x00007fff4623e000 	/System/Library/Frameworks/QuartzCore.framework/Versions/A/QuartzCore
0x00007fff3989e000 	/System/Library/Frameworks/Carbon.framework/Versions/A/Frameworks/SpeechRecognition.framework/Versions/A/SpeechRecognition
0x00007fff53b92000 	/System/Library/PrivateFrameworks/CoreUI.framework/Versions/A/CoreUI
0x00007fff39f28000 	/System/Library/Frameworks/CoreAudio.framework/Versions/A/CoreAudio
0x00007fff3cd43000 	/System/Library/Frameworks/DiskArbitration.framework/Versions/A/DiskArbitration
0x00007fff610cc000 	/System/Library/PrivateFrameworks/MultitouchSupport.framework/Versions/A/MultitouchSupport
0x00007fff6fc93000 	/usr/lib/libenergytrace.dylib
0x00007fff3d7bb000 	/System/Library/Frameworks/IOKit.framework/Versions/A/IOKit
0x00007fff3bda6000 	/System/Library/Frameworks/CoreServices.framework/Versions/A/CoreServices
0x00007fff631d9000 	/System/Library/PrivateFrameworks/PerformanceAnalysis.framework/Versions/A/PerformanceAnalysis
0x00007fff45274000 	/System/Library/Frameworks/OpenGL.framework/Versions/A/OpenGL
0x00007fff39a4d000 	/System/Library/Frameworks/ColorSync.framework/Versions/A/ColorSync
0x00007fff3b4bf000 	/System/Library/Frameworks/CoreImage.framework/Versions/A/CoreImage
0x00007fff3c81c000 	/System/Library/Frameworks/CoreText.framework/Versions/A/CoreText
0x00007fff3d8e6000 	/System/Library/Frameworks/ImageIO.framework/Versions/A/ImageIO
0x00007fff6f26b000 	/usr/lib/libcompression.dylib
0x00007fff6ed83000 	/usr/lib/libMobileGestalt.dylib
0x00007fff6a893000 	/System/Library/PrivateFrameworks/TextureIO.framework/Versions/A/TextureIO
0x00007fff6f070000 	/usr/lib/libate.dylib
0x00007fff5f2c0000 	/System/Library/PrivateFrameworks/InternationalSupport.framework/Versions/A/InternationalSupport
0x00007fff70041000 	/usr/lib/liblzma.5.dylib
0x00007fff6fcbb000 	/usr/lib/libfakelink.dylib
0x00007fff6effd000 	/usr/lib/libarchive.2.dylib
0x00007fff481af000 	/System/Library/Frameworks/SystemConfiguration.framework/Versions/A/SystemConfiguration
0x00007fff6e972000 	/usr/lib/libCRFSuite.dylib
0x00007fff39153000 	/System/Library/Frameworks/CFNetwork.framework/Versions/A/CFNetwork
0x00007fff6f1d1000 	/usr/lib/libbsm.0.dylib
0x00007fff720fb000 	/usr/lib/system/libkxld.dylib
0x00007fff4dcc3000 	/System/Library/PrivateFrameworks/AppleFSCompression.framework/Versions/A/AppleFSCompression
0x00007fff6f552000 	/usr/lib/libcoretls.dylib
0x00007fff6f569000 	/usr/lib/libcoretls_cfhelpers.dylib
0x00007fff70da2000 	/usr/lib/libpam.2.dylib
0x00007fff70ed5000 	/usr/lib/libsqlite3.dylib
0x00007fff71318000 	/usr/lib/libxar.1.dylib
0x00007fff6f1e2000 	/usr/lib/libbz2.1.0.dylib
0x00007fff6fcdc000 	/usr/lib/libiconv.2.dylib
0x00007fff6f258000 	/usr/lib/libcharset.1.dylib
0x00007fff70849000 	/usr/lib/libnetwork.dylib
0x00007fff70da9000 	/usr/lib/libpcap.A.dylib
0x00007fff6efb2000 	/usr/lib/libapple_nghttp2.dylib
0x00007fff3c15d000 	/System/Library/Frameworks/CoreServices.framework/Versions/A/Frameworks/FSEvents.framework/Versions/A/FSEvents
0x00007fff3be2d000 	/System/Library/Frameworks/CoreServices.framework/Versions/A/Frameworks/CarbonCore.framework/Versions/A/CarbonCore
0x00007fff3c3a0000 	/System/Library/Frameworks/CoreServices.framework/Versions/A/Frameworks/Metadata.framework/Versions/A/Metadata
0x00007fff3c439000 	/System/Library/Frameworks/CoreServices.framework/Versions/A/Frameworks/OSServices.framework/Versions/A/OSServices
0x00007fff3c467000 	/System/Library/Frameworks/CoreServices.framework/Versions/A/Frameworks/SearchKit.framework/Versions/A/SearchKit
0x00007fff3bda7000 	/System/Library/Frameworks/CoreServices.framework/Versions/A/Frameworks/AE.framework/Versions/A/AE
0x00007fff3c166000 	/System/Library/Frameworks/CoreServices.framework/Versions/A/Frameworks/LaunchServices.framework/Versions/A/LaunchServices
0x00007fff3c10f000 	/System/Library/Frameworks/CoreServices.framework/Versions/A/Frameworks/DictionaryServices.framework/Versions/A/DictionaryServices
0x00007fff3c4cf000 	/System/Library/Frameworks/CoreServices.framework/Versions/A/Frameworks/SharedFileList.framework/Versions/A/SharedFileList
0x00007fff410c8000 	/System/Library/Frameworks/NetFS.framework/Versions/A/NetFS
0x00007fff615fc000 	/System/Library/PrivateFrameworks/NetAuth.framework/Versions/A/NetAuth
0x00007fff6e60f000 	/System/Library/PrivateFrameworks/login.framework/Versions/A/Frameworks/loginsupport.framework/Versions/A/loginsupport
0x00007fff6a38e000 	/System/Library/PrivateFrameworks/TCC.framework/Versions/A/TCC
0x00007fff528ae000 	/System/Library/PrivateFrameworks/CoreNLP.framework/Versions/A/CoreNLP
0x00007fff60afc000 	/System/Library/PrivateFrameworks/MetadataUtilities.framework/Versions/A/MetadataUtilities
0x00007fff70119000 	/usr/lib/libmecabra.dylib
0x00007fff70071000 	/usr/lib/libmecab.dylib
0x00007fff6fccc000 	/usr/lib/libgermantok.dylib
0x00007fff6ef99000 	/usr/lib/libThaiTokenizer.dylib
0x00007fff6e9aa000 	/usr/lib/libChineseTokenizer.dylib
0x00007fff36775000 	/System/Library/Frameworks/Accelerate.framework/Versions/A/Frameworks/vImage.framework/Versions/A/vImage
0x00007fff37a18000 	/System/Library/Frameworks/Accelerate.framework/Versions/A/Frameworks/vecLib.framework/Versions/A/vecLib
0x00007fff3795c000 	/System/Library/Frameworks/Accelerate.framework/Versions/A/Frameworks/vecLib.framework/Versions/A/libvMisc.dylib
0x00007fff37782000 	/System/Library/Frameworks/Accelerate.framework/Versions/A/Frameworks/vecLib.framework/Versions/A/libvDSP.dylib
0x00007fff36de1000 	/System/Library/Frameworks/Accelerate.framework/Versions/A/Frameworks/vecLib.framework/Versions/A/libBLAS.dylib
0x00007fff3733c000 	/System/Library/Frameworks/Accelerate.framework/Versions/A/Frameworks/vecLib.framework/Versions/A/libLAPACK.dylib
0x00007fff376e2000 	/System/Library/Frameworks/Accelerate.framework/Versions/A/Frameworks/vecLib.framework/Versions/A/libLinearAlgebra.dylib
0x00007fff3776f000 	/System/Library/Frameworks/Accelerate.framework/Versions/A/Frameworks/vecLib.framework/Versions/A/libSparseBLAS.dylib
0x00007fff376f8000 	/System/Library/Frameworks/Accelerate.framework/Versions/A/Frameworks/vecLib.framework/Versions/A/libQuadrature.dylib
0x00007fff3704b000 	/System/Library/Frameworks/Accelerate.framework/Versions/A/Frameworks/vecLib.framework/Versions/A/libBNNS.dylib
0x00007fff376fe000 	/System/Library/Frameworks/Accelerate.framework/Versions/A/Frameworks/vecLib.framework/Versions/A/libSparse.dylib
0x00007fff5f67f000 	/System/Library/PrivateFrameworks/LanguageModeling.framework/Versions/A/LanguageModeling
0x00007fff5224a000 	/System/Library/PrivateFrameworks/CoreEmoji.framework/Versions/A/CoreEmoji
0x00007fff5f79d000 	/System/Library/PrivateFrameworks/LinguisticData.framework/Versions/A/LinguisticData
0x00007fff5f74e000 	/System/Library/PrivateFrameworks/Lexicon.framework/Versions/A/Lexicon
0x00007fff6f259000 	/usr/lib/libcmph.dylib
0x00007fff43c9a000 	/System/Library/Frameworks/OpenDirectory.framework/Versions/A/Frameworks/CFOpenDirectory.framework/Versions/A/CFOpenDirectory
0x00007fff43cb7000 	/System/Library/Frameworks/OpenDirectory.framework/Versions/A/OpenDirectory
0x00007fff4bf84000 	/System/Library/PrivateFrameworks/APFS.framework/Versions/A/APFS
0x00007fff47360000 	/System/Library/Frameworks/SecurityFoundation.framework/Versions/A/SecurityFoundation
0x00007fff71314000 	/usr/lib/libutil.dylib
0x00007fff53537000 	/System/Library/PrivateFrameworks/CoreServicesStore.framework/Versions/A/CoreServicesStore
0x00007fff47418000 	/System/Library/Frameworks/ServiceManagement.framework/Versions/A/ServiceManagement
0x00007fff4f47a000 	/System/Library/PrivateFrameworks/BackgroundTaskManagement.framework/Versions/A/BackgroundTaskManagement
0x00007fff71411000 	/usr/lib/libxslt.1.dylib
0x00007fff4e328000 	/System/Library/PrivateFrameworks/AppleSystemInfo.framework/Versions/A/AppleSystemInfo
0x00007fff3db03000 	/System/Library/Frameworks/ImageIO.framework/Versions/A/Resources/libJPEG.dylib
0x00007fff3ddc2000 	/System/Library/Frameworks/ImageIO.framework/Versions/A/Resources/libTIFF.dylib
0x00007fff3dda5000 	/System/Library/Frameworks/ImageIO.framework/Versions/A/Resources/libPng.dylib
0x00007fff3da44000 	/System/Library/Frameworks/ImageIO.framework/Versions/A/Resources/libGIF.dylib
0x00007fff3da48000 	/System/Library/Frameworks/ImageIO.framework/Versions/A/Resources/libJP2.dylib
0x00007fff3ddc0000 	/System/Library/Frameworks/ImageIO.framework/Versions/A/Resources/libRadiance.dylib
0x00007fff6fc94000 	/usr/lib/libexpat.1.dylib
0x00007fff4de1e000 	/System/Library/PrivateFrameworks/AppleJPEG.framework/Versions/A/AppleJPEG
0x00007fff567b1000 	/System/Library/PrivateFrameworks/FontServices.framework/libFontParser.dylib
0x00007fff6d666000 	/System/Library/PrivateFrameworks/WatchdogClient.framework/Versions/A/WatchdogClient
0x00007fff5ed0c000 	/System/Library/PrivateFrameworks/IOAccelerator.framework/Versions/A/IOAccelerator
0x00007fff40181000 	/System/Library/Frameworks/MetalPerformanceShaders.framework/Versions/A/MetalPerformanceShaders
0x00007fff5b4ff000 	/System/Library/PrivateFrameworks/GPUWrangler.framework/Versions/A/GPUWrangler
0x00007fff5ed17000 	/System/Library/PrivateFrameworks/IOPresentment.framework/Versions/A/IOPresentment
0x00007fff5421f000 	/System/Library/PrivateFrameworks/DSExternalDisplay.framework/Versions/A/DSExternalDisplay
0x00007fff44620000 	/System/Library/Frameworks/OpenGL.framework/Versions/A/Libraries/libCoreFSCache.dylib
0x00007fff3fed3000 	/System/Library/Frameworks/MetalPerformanceShaders.framework/Frameworks/MPSCore.framework/Versions/A/MPSCore
0x00007fff3ff10000 	/System/Library/Frameworks/MetalPerformanceShaders.framework/Frameworks/MPSImage.framework/Versions/A/MPSImage
0x00007fff3ffd2000 	/System/Library/Frameworks/MetalPerformanceShaders.framework/Frameworks/MPSNeuralNetwork.framework/Versions/A/MPSNeuralNetwork
0x00007fff3ff97000 	/System/Library/Frameworks/MetalPerformanceShaders.framework/Frameworks/MPSMatrix.framework/Versions/A/MPSMatrix
0x00007fff40132000 	/System/Library/Frameworks/MetalPerformanceShaders.framework/Frameworks/MPSRayIntersector.framework/Versions/A/MPSRayIntersector
0x00007fff3ffbc000 	/System/Library/Frameworks/MetalPerformanceShaders.framework/Frameworks/MPSNDArray.framework/Versions/A/MPSNDArray
0x00007fff60b49000 	/System/Library/PrivateFrameworks/MetalTools.framework/Versions/A/MetalTools
0x00007fff4d149000 	/System/Library/PrivateFrameworks/AggregateDictionary.framework/Versions/A/AggregateDictionary
0x00007fff51cd4000 	/System/Library/PrivateFrameworks/CoreAnalytics.framework/Versions/A/CoreAnalytics
0x00007fff4e246000 	/System/Library/PrivateFrameworks/AppleSauce.framework/Versions/A/AppleSauce
0x00007fff6ec66000 	/usr/lib/libIOReport.dylib
0x00007fff3c9d1000 	/System/Library/Frameworks/CoreVideo.framework/Versions/A/CoreVideo
0x00007fff5c96d000 	/System/Library/PrivateFrameworks/GraphVisualizer.framework/Versions/A/GraphVisualizer
0x00007fff55d32000 	/System/Library/PrivateFrameworks/FaceCore.framework/Versions/A/FaceCore
0x00007fff43c41000 	/System/Library/Frameworks/OpenCL.framework/Versions/A/OpenCL
0x00007fff6ea88000 	/usr/lib/libFosl_dynamic.dylib
0x00007fff61ff7000 	/System/Library/PrivateFrameworks/OTSVG.framework/Versions/A/OTSVG
0x00007fff38ace000 	/System/Library/Frameworks/ApplicationServices.framework/Versions/A/Frameworks/ATS.framework/Versions/A/Resources/libFontRegistry.dylib
0x00007fff56982000 	/System/Library/PrivateFrameworks/FontServices.framework/libhvf.dylib
0x00007fff4462b000 	/System/Library/Frameworks/OpenGL.framework/Versions/A/Libraries/libGFXShared.dylib
0x00007fff44808000 	/System/Library/Frameworks/OpenGL.framework/Versions/A/Libraries/libGLU.dylib
0x00007fff44634000 	/System/Library/Frameworks/OpenGL.framework/Versions/A/Libraries/libGL.dylib
0x00007fff4463f000 	/System/Library/Frameworks/OpenGL.framework/Versions/A/Libraries/libGLImage.dylib
0x00007fff4461d000 	/System/Library/Frameworks/OpenGL.framework/Versions/A/Libraries/libCVMSPluginSupport.dylib
0x00007fff44626000 	/System/Library/Frameworks/OpenGL.framework/Versions/A/Libraries/libCoreVMClient.dylib
0x00007fff706eb000 	/usr/lib/libncurses.5.4.dylib
0x00007fff389ca000 	/System/Library/Frameworks/ApplicationServices.framework/Versions/A/Frameworks/ATS.framework/Versions/A/ATS
0x00007fff38b97000 	/System/Library/Frameworks/ApplicationServices.framework/Versions/A/Frameworks/ColorSyncLegacy.framework/Versions/A/ColorSyncLegacy
0x00007fff38c36000 	/System/Library/Frameworks/ApplicationServices.framework/Versions/A/Frameworks/HIServices.framework/Versions/A/HIServices
0x00007fff38c8d000 	/System/Library/Frameworks/ApplicationServices.framework/Versions/A/Frameworks/LangAnalysis.framework/Versions/A/LangAnalysis
0x00007fff38c9c000 	/System/Library/Frameworks/ApplicationServices.framework/Versions/A/Frameworks/PrintCore.framework/Versions/A/PrintCore
0x00007fff38ce2000 	/System/Library/Frameworks/ApplicationServices.framework/Versions/A/Frameworks/QD.framework/Versions/A/QD
0x00007fff38ced000 	/System/Library/Frameworks/ApplicationServices.framework/Versions/A/Frameworks/SpeechSynthesis.framework/Versions/A/SpeechSynthesis
0x00007fff38b67000 	/System/Library/Frameworks/ApplicationServices.framework/Versions/A/Frameworks/ATSUI.framework/Versions/A/ATSUI
0x00007fff6fb28000 	/usr/lib/libcups.2.dylib
0x00007fff3f230000 	/System/Library/Frameworks/Kerberos.framework/Versions/A/Kerberos
0x00007fff3d4b0000 	/System/Library/Frameworks/GSS.framework/Versions/A/GSS
0x00007fff70e61000 	/usr/lib/libresolv.9.dylib
0x00007fff5cb0e000 	/System/Library/PrivateFrameworks/Heimdal.framework/Versions/A/Heimdal
0x00007fff3f243000 	/System/Library/Frameworks/Kerberos.framework/Versions/A/Libraries/libHeimdalProxy.dylib
0x00007fff6fcd2000 	/usr/lib/libheimdal-asn1.dylib
0x00007fff5117a000 	/System/Library/PrivateFrameworks/CommonAuth.framework/Versions/A/CommonAuth
0x00007fff4e3c5000 	/System/Library/PrivateFrameworks/AssertionServices.framework/Versions/A/AssertionServices
0x00007fff4ef68000 	/System/Library/PrivateFrameworks/AudioToolboxCore.framework/Versions/A/AudioToolboxCore
0x00007fff6e2c0000 	/System/Library/PrivateFrameworks/caulk.framework/Versions/A/caulk
0x00007fff4f526000 	/System/Library/PrivateFrameworks/BaseBoard.framework/Versions/A/BaseBoard
0x00007fff6611c000 	/System/Library/PrivateFrameworks/RunningBoardServices.framework/Versions/A/RunningBoardServices
0x00007fff631e5000 	/System/Library/PrivateFrameworks/PersistentConnection.framework/Versions/A/PersistentConnection
0x00007fff65b6b000 	/System/Library/PrivateFrameworks/ProtocolBuffer.framework/Versions/A/ProtocolBuffer
0x00007fff5119f000 	/System/Library/PrivateFrameworks/CommonUtilities.framework/Versions/A/CommonUtilities
0x00007fff4f6a9000 	/System/Library/PrivateFrameworks/Bom.framework/Versions/A/Bom
0x00007fff6e935000 	/usr/lib/libAudioToolboxUtility.dylib
0x00007fff4f484000 	/System/Library/PrivateFrameworks/Backup.framework/Versions/A/Backup
0x00007fff53f8f000 	/System/Library/PrivateFrameworks/CrashReporterSupport.framework/Versions/A/CrashReporterSupport
0x00007fff67c18000 	/System/Library/PrivateFrameworks/Sharing.framework/Versions/A/Sharing
0x00007fff4db69000 	/System/Library/PrivateFrameworks/Apple80211.framework/Versions/A/Apple80211
0x00007fff4f1a6000 	/System/Library/PrivateFrameworks/AuthKit.framework/Versions/A/AuthKit
0x00007fff53cbf000 	/System/Library/PrivateFrameworks/CoreUtils.framework/Versions/A/CoreUtils
0x00007fff3ca16000 	/System/Library/Frameworks/CoreWLAN.framework/Versions/A/CoreWLAN
0x00007fff3d63c000 	/System/Library/Frameworks/IOBluetooth.framework/Versions/A/IOBluetooth
0x00007fff60e47000 	/System/Library/PrivateFrameworks/MobileKeyBag.framework/Versions/A/MobileKeyBag
0x00007fff52d8a000 	/System/Library/PrivateFrameworks/CorePhoneNumbers.framework/Versions/A/CorePhoneNumbers
0x00007fff4ddd1000 	/System/Library/PrivateFrameworks/AppleIDAuthSupport.framework/Versions/A/AppleIDAuthSupport
0x00007fff410d5000 	/System/Library/Frameworks/Network.framework/Versions/A/Network
0x00007fff5f507000 	/System/Library/PrivateFrameworks/KeychainCircle.framework/Versions/A/KeychainCircle
0x00007fff3a48a000 	/System/Library/Frameworks/CoreBluetooth.framework/Versions/A/CoreBluetooth
0x00007fff69894000 	/System/Library/PrivateFrameworks/SpeechRecognitionCore.framework/Versions/A/SpeechRecognitionCore
0x000000010e400000 	/Users/alexlougheed/Documents/Computing Uni Stuff/jdk-13.0.2.jdk/Contents/Home/lib/server/libjvm.dylib
0x000000010dbb6000 	/Users/alexlougheed/Documents/Computing Uni Stuff/jdk-13.0.2.jdk/Contents/Home/lib/libverify.dylib
0x000000010dbc2000 	/Users/alexlougheed/Documents/Computing Uni Stuff/jdk-13.0.2.jdk/Contents/Home/lib/libjava.dylib
0x000000010f1d5000 	/Users/alexlougheed/Documents/Computing Uni Stuff/jdk-13.0.2.jdk/Contents/Home/lib/libinstrument.dylib
0x000000010f258000 	/Users/alexlougheed/Documents/Computing Uni Stuff/jdk-13.0.2.jdk/Contents/Home/lib/libzip.dylib
0x000000010f25f000 	/Users/alexlougheed/Documents/Computing Uni Stuff/jdk-13.0.2.jdk/Contents/Home/lib/libjimage.dylib
0x00000001303d6000 	/Users/alexlougheed/Documents/Computing Uni Stuff/jdk-13.0.2.jdk/Contents/Home/lib/libnio.dylib
0x00000001303e4000 	/Users/alexlougheed/Documents/Computing Uni Stuff/jdk-13.0.2.jdk/Contents/Home/lib/libnet.dylib
0x000000011cd85000 	/Users/alexlougheed/Documents/Computing Uni Stuff/jdk-13.0.2.jdk/Contents/Home/lib/libextnet.dylib
0x000000013047f000 	/private/var/folders/8s/t1xm3cl513v5z4bvz4qsk4vc0000gn/T/lwjglalexlougheed/3.2.3-build-13/liblwjgl.dylib
0x00000001304a7000 	/private/var/folders/8s/t1xm3cl513v5z4bvz4qsk4vc0000gn/T/lwjglalexlougheed/3.2.3-build-13/libglfw.dylib
0x00007fff53503000 	/System/Library/PrivateFrameworks/CoreServicesInternal.framework/Versions/A/CoreServicesInternal
0x00007fff3cf3d000 	/System/Library/Frameworks/FileProvider.framework/Versions/A/FileProvider
0x00007fff37a19000 	/System/Library/Frameworks/Accounts.framework/Versions/A/Accounts
0x00007fff5b823000 	/System/Library/PrivateFrameworks/GenerationalStorage.framework/Versions/A/GenerationalStorage
0x00007fff53a73000 	/System/Library/PrivateFrameworks/CoreSymbolication.framework/Versions/A/CoreSymbolication
0x00007fff6a0cf000 	/System/Library/PrivateFrameworks/SymptomDiagnosticReporter.framework/Versions/A/SymptomDiagnosticReporter
0x00007fff4d65a000 	/System/Library/PrivateFrameworks/AppContainer.framework/Versions/A/AppContainer
0x00007fff70e7b000 	/usr/lib/libsandbox.1.dylib
0x00007fff6c5ff000 	/System/Library/PrivateFrameworks/UserManagement.framework/Versions/A/UserManagement
0x00007fff5026b000 	/System/Library/PrivateFrameworks/ChunkingLibrary.framework/Versions/A/ChunkingLibrary
0x00007fff54354000 	/System/Library/PrivateFrameworks/DebugSymbols.framework/Versions/A/DebugSymbols
0x00007fff4d6cc000 	/System/Library/PrivateFrameworks/AppSandbox.framework/Versions/A/AppSandbox
0x00007fff67aa2000 	/System/Library/PrivateFrameworks/SecCodeWrapper.framework/Versions/A/SecCodeWrapper
0x00007fff6ed4c000 	/usr/lib/libMatch.1.dylib
0x00007fff3675e000 	/System/Library/Frameworks/Accelerate.framework/Versions/A/Frameworks/vImage.framework/Versions/A/Libraries/libCGInterfaces.dylib
0x00007fff568e9000 	/System/Library/PrivateFrameworks/FontServices.framework/libTrueTypeScaler.dylib


VM Arguments:
jvm_args: -javaagent:/Applications/IntelliJ IDEA CE.app/Contents/lib/idea_rt.jar=51427:/Applications/IntelliJ IDEA CE.app/Contents/bin -Dfile.encoding=UTF-8 
java_command: client.clientLauncher
java_class_path (initial): /Users/alexlougheed/Documents/Computing Uni Stuff/Team_15_Project_MVP_2.0/target/classes:/Users/alexlougheed/.m2/repository/org/lwjgl/lwjgl/3.2.3/lwjgl-3.2.3.jar:/Users/alexlougheed/.m2/repository/org/lwjgl/lwjgl-assimp/3.2.3/lwjgl-assimp-3.2.3.jar:/Users/alexlougheed/.m2/repository/org/lwjgl/lwjgl-bgfx/3.2.3/lwjgl-bgfx-3.2.3.jar:/Users/alexlougheed/.m2/repository/org/lwjgl/lwjgl-cuda/3.2.3/lwjgl-cuda-3.2.3.jar:/Users/alexlougheed/.m2/repository/org/lwjgl/lwjgl-egl/3.2.3/lwjgl-egl-3.2.3.jar:/Users/alexlougheed/.m2/repository/org/lwjgl/lwjgl-glfw/3.2.3/lwjgl-glfw-3.2.3.jar:/Users/alexlougheed/.m2/repository/org/lwjgl/lwjgl-jawt/3.2.3/lwjgl-jawt-3.2.3.jar:/Users/alexlougheed/.m2/repository/org/lwjgl/lwjgl-jemalloc/3.2.3/lwjgl-jemalloc-3.2.3.jar:/Users/alexlougheed/.m2/repository/org/lwjgl/lwjgl-libdivide/3.2.3/lwjgl-libdivide-3.2.3.jar:/Users/alexlougheed/.m2/repository/org/lwjgl/lwjgl-llvm/3.2.3/lwjgl-llvm-3.2.3.jar:/Users/alexlougheed/.m2/repository/org/lwjgl/lwjgl-lmdb/3.2.3/lwjgl-lmdb-3.2.3.jar:/Users/alexlougheed/.m2/repository/org/lwjgl/lwjgl-lz4/3.2.3/lwjgl-lz4-3.2.3.jar:/Users/alexlougheed/.m2/repository/org/lwjgl/lwjgl-meow/3.2.3/lwjgl-meow-3.2.3.jar:/Users/alexlougheed/.m2/repository/org/lwjgl/lwjgl-nanovg/3.2.3/lwjgl-nanovg-3.2.3.jar:/Users/alexlougheed/.m2/repository/org/lwjgl/lwjgl-nfd/3.2.3/lwjgl-nfd-3.2.3.jar:/Users/alexlougheed/.m2/repository/org/lwjgl/lwjgl-nuklear/3.2.3/lwjgl-nuklear-3.2.3.jar:/Users/alexlougheed/.m2/repository/org/lwjgl/lwjgl-odbc/3.2.3/lwjgl-odbc-3.2.3.jar:/Users/alexlougheed/.m2/repository/org/lwjgl/lwjgl-openal/3.2.3/lwjgl-openal-3.2.3.jar:/Users/alexlougheed/.m2/repository/org/lwjgl/lwjgl-opencl/3.2.3/lwjgl-opencl-3.2.3.jar:/Users/alexlougheed/.m2/repository/org/lwjgl/lwjgl-opengl/3.2.3/lwjgl-opengl-3.2.3.jar:/Users/alexlougheed/.m2/repository/org/lwjgl/lwjgl-opengles/3.2.3/lwjgl-opengles-3.2.3.jar:/Users/alexlougheed/.m2/repository/org/lwjgl/lwjgl-openvr/3.2.3/lwjgl-openvr-3.2.3.jar:/Users/alexlough
Launcher Type: SUN_STANDARD

[Global flags]
     intx CICompilerCount                          = 3                                         {product} {ergonomic}
     uint ConcGCThreads                            = 1                                         {product} {ergonomic}
     uint G1ConcRefinementThreads                  = 4                                         {product} {ergonomic}
   size_t G1HeapRegionSize                         = 1048576                                   {product} {ergonomic}
    uintx GCDrainStackTargetSize                   = 64                                        {product} {ergonomic}
   size_t InitialHeapSize                          = 134217728                                 {product} {ergonomic}
   size_t MarkStackSize                            = 4194304                                   {product} {ergonomic}
   size_t MaxHeapSize                              = 2147483648                                {product} {ergonomic}
   size_t MaxNewSize                               = 1287651328                                {product} {ergonomic}
   size_t MinHeapDeltaBytes                        = 1048576                                   {product} {ergonomic}
   size_t MinHeapSize                              = 8388608                                   {product} {ergonomic}
    uintx NonNMethodCodeHeapSize                   = 5832780                                {pd product} {ergonomic}
    uintx NonProfiledCodeHeapSize                  = 122912730                              {pd product} {ergonomic}
    uintx ProfiledCodeHeapSize                     = 122912730                              {pd product} {ergonomic}
    uintx ReservedCodeCacheSize                    = 251658240                              {pd product} {ergonomic}
     bool SegmentedCodeCache                       = true                                      {product} {ergonomic}
   size_t SoftMaxHeapSize                          = 2147483648                             {manageable} {ergonomic}
     bool UseCompressedClassPointers               = true                                 {lp64_product} {ergonomic}
     bool UseCompressedOops                        = true                                 {lp64_product} {ergonomic}
     bool UseG1GC                                  = true                                      {product} {ergonomic}

Logging:
Log output configuration:
 #0: stdout all=warning uptime,level,tags
 #1: stderr all=off uptime,level,tags

Environment Variables:
PATH=/Library/Frameworks/Python.framework/Versions/3.6/bin:/usr/local/bin:/usr/bin:/bin:/usr/sbin:/sbin:/usr/local/share/dotnet:~/.dotnet/tools:/Library/Frameworks/Mono.framework/Versions/Current/Commands
SHELL=/bin/bash

Signal Handlers:
SIGSEGV: [libjvm.dylib+0x77ba50], sa_mask[0]=11111111011111110111111111111111, sa_flags=SA_ONSTACK|SA_RESTART|SA_SIGINFO
SIGBUS: [libjvm.dylib+0x77ba50], sa_mask[0]=11111111011111110111111111111111, sa_flags=SA_RESTART|SA_SIGINFO
SIGFPE: [libjvm.dylib+0x77ba50], sa_mask[0]=11111111011111110111111111111111, sa_flags=SA_RESTART|SA_SIGINFO
SIGPIPE: [libjvm.dylib+0x62220d], sa_mask[0]=11111111011111110111111111111111, sa_flags=SA_RESTART|SA_SIGINFO
SIGXFSZ: [libjvm.dylib+0x62220d], sa_mask[0]=11111111011111110111111111111111, sa_flags=SA_RESTART|SA_SIGINFO
SIGILL: [libjvm.dylib+0x77ba50], sa_mask[0]=11111111011111110111111111111111, sa_flags=SA_RESTART|SA_SIGINFO
SIGUSR2: [libjvm.dylib+0x6227f7], sa_mask[0]=00100000000000000000000000000000, sa_flags=SA_RESTART|SA_SIGINFO
SIGHUP: [libjvm.dylib+0x6217e5], sa_mask[0]=11111111011111110111111111111111, sa_flags=SA_RESTART|SA_SIGINFO
SIGINT: [libjvm.dylib+0x6217e5], sa_mask[0]=11111111011111110111111111111111, sa_flags=SA_RESTART|SA_SIGINFO
SIGTERM: [libjvm.dylib+0x6217e5], sa_mask[0]=11111111011111110111111111111111, sa_flags=SA_RESTART|SA_SIGINFO
SIGQUIT: [libjvm.dylib+0x6217e5], sa_mask[0]=11111111011111110111111111111111, sa_flags=SA_RESTART|SA_SIGINFO


---------------  S Y S T E M  ---------------

OS:uname:Darwin 19.3.0 Darwin Kernel Version 19.3.0: Thu Jan  9 20:58:23 PST 2020; root:xnu-6153.81.5~1/RELEASE_X86_64 x86_64
rlimit: STACK 8192k, CORE 0k, NPROC 1392, NOFILE 10240, AS infinity, DATA infinity, FSIZE infinity
load average:1.63 1.69 1.74

CPU:total 4 (initial active 4) (2 cores per cpu, 2 threads per core) family 6 model 78 stepping 3, cmov, cx8, fxsr, mmx, sse, sse2, sse3, ssse3, sse4.1, sse4.2, popcnt, avx, avx2, aes, clmul, erms, rtm, 3dnowpref, lzcnt, ht, tsc, tscinvbit, bmi1, bmi2, adx, fma

Memory: 4k page, physical 8388608k(195320k free), swap 2097152k(1047040k free)

vm_info: OpenJDK 64-Bit Server VM (13.0.2+8) for bsd-amd64 JRE (13.0.2+8), built on Dec 11 2019 09:18:29 by "mach5one" with clang 4.2.1 Compatible Apple LLVM 10.0.0 (clang-1000.11.45.5)

END.
